About the Program:
**OpenSSL** is a widely used open-source toolkit that provides robust, commercial-grade implementations of the **Secure Sockets Layer (SSL)** and **Transport Layer Security (TLS)** protocols, along with a comprehensive cryptographic library. Below are key aspects of OpenSSL:

### **Purpose of OpenSSL**
1. **SSL/TLS Implementation**:  
   - Enables secure communication over networks (e.g., HTTPS for web servers).  
   - Supports protocols like TLS 1.2, TLS 1.3, and legacy SSL (now deprecated).  

2. **Cryptographic Operations**:  
   - Symmetric encryption (AES, DES, ChaCha20).  
   - Asymmetric encryption (RSA, ECC, DSA).  
   - Hashing (SHA-256, MD5—though MD5 is insecure).  
   - Digital signatures and certificates.  

3. **Certificate Management**:  
   - Generates and signs **X.509 certificates** (used in PKI).  
   - Runs a basic **Certificate Authority (CA)**.  

4. **Command-Line Tools**:  
   - `openssl` (the main CLI tool) for encryption, decryption, key generation, and certificate handling.  

---

### **Input/Output Formats**
OpenSSL supports multiple formats for keys, certificates, and encrypted data:

#### **1. Key Formats**
   - **PEM (Privacy-Enhanced Mail)**:  
     - Base64-encoded text with `-----BEGIN/END` headers (e.g., `-----BEGIN PRIVATE KEY-----`).  
     - Common for certificates (`cert.pem`) and private keys (`key.pem`).  
   - **DER (Distinguished Encoding Rules)**:  
     - Binary format, often used in Windows/JVM systems.  
   - **PKCS#12 (.p12/.pfx)**:  
     - Encrypted container for private keys + certificates (used for client auth).  

#### **2. Certificate Formats**
   - **X.509**: Standard for public key certificates (PEM or DER encoded).  
   - **CSR (Certificate Signing Request)**: PEM-encoded `.csr` files (e.g., `req.pem`).  

#### **3. Encrypted Data Formats**
   - Symmetric encryption outputs vary (e.g., raw binary or Base64).  
   - Common ciphers: `aes-256-cbc`, `chacha20-poly1305`.  

---

### **Example OpenSSL Commands**
1. **Generate a Private Key**:  
   ```sh
   openssl genpkey -algorithm RSA -out key.pem -aes256  # AES-encrypted PEM key
   ```
2. **Create a CSR (Certificate Signing Request)**:  
   ```sh
   openssl req -new -key key.pem -out request.csr
   ```
3. **Encrypt/Decrypt a File**:  
   ```sh
   openssl enc -aes-256-cbc -salt -in file.txt -out file.enc
   openssl enc -d -aes-256-cbc -in file.enc -out file.txt
   ```
4. **Convert PEM to DER**:  
   ```sh
   openssl x509 -in cert.pem -outform DER -out cert.der
   ```

---

### **Security Considerations**
- **Heartbleed (2014)**: A critical bug in OpenSSL 1.0.1 allowed memory leaks. Always use updated versions.  
- **Use Modern Algorithms**: Avoid outdated ciphers (e.g., SSLv3, RC4).  
- **Key Management**: Protect private keys with strong passphrases.  

OpenSSL is foundational for secure internet communication, but proper configuration is crucial to avoid vulnerabilities. For alternatives, consider **LibreSSL** (OpenBSD fork) or **BoringSSL** (Google’s fork).  

Would you like details on a specific feature?


Triggering Condition Analysis:
Based on the analysis of the heap-buffer-overflow vulnerability in OpenSSL's `i2c_ibuf` function (a_int.c:158), the triggering conditions are derived as follows. The vulnerability occurs when processing a negative zero integer (all bytes zero) in the non-fixed code path, leading to an out-of-bounds read during two's complement conversion.

### Step-by-Step Triggering Conditions:
1. **Conditional Statements and Locations**:
   - `neg == 1` at `a_int.c:104` (branch taken for negative integers)
   - `blen > 0` at `a_int.c:98` (non-empty buffer)
   - `b[i] == 0` for all `i` in `[0, blen-1]` at `a_int.c:158` (buffer is all zeros)

2. **Execution Order**:
   - `neg == 1` (executed first at `a_int.c:104`)
   - `blen > 0` (executed second at `a_int.c:98`)
   - `b[i] == 0` for all `i` (executed third at `a_int.c:158`)

3. **Atomic Conditional Decomposition**:
   - The condition "`b[i] == 0` for all `i`" is complex. It is decomposed into atomic sub-conditions grouped under conjunct identifier `0` since all must be true simultaneously.

4. **Triggering Conditions as Tuples**:
   - `<neg == 1, a_int.c:104, 0, 0>`
   - `<blen > 0, a_int.c:98, 1, 0>`
   - `<b[0] == 0, a_int.c:158, 2, 0>`
   - `<b[1] == 0, a_int.c:158, 2, 0>`
   - `...` (additional conditions for each byte in `b`)
   - `<b[blen-1] == 0, a_int.c:158, 2, 0>`

### Summary of Tuples:
| Condition                  | Location       | Sequence | Conjunct |
|----------------------------|----------------|----------|----------|
| `neg == 1`                 | `a_int.c:104` | 0        | 0        |
| `blen > 0`                 | `a_int.c:98`  | 1        | 0        |
| `b[0] == 0`                | `a_int.c:158` | 2        | 0        |
| `b[1] == 0`                | `a_int.c:158` | 2        | 0        |
| ... (for all bytes)        | `a_int.c:158` | 2        | 0        |
| `b[blen-1] == 0`           | `a_int.c:158` | 2        | 0        |

### Explanation:
- **`neg == 1`**: Enters the negative integer handling branch (line 104).
- **`blen > 0`**: Ensures the buffer is non-empty (line 98), bypassing the empty-buffer branch.
- **`b[i] == 0` for all `i`**: The buffer represents a negative zero integer. This causes the loop at line 158 to exhaust the buffer and underflow `n`, leading to an OOB read.

### Additional Notes:
- The vulnerability manifests only when `MAGMA_ENABLE_FIXES` is **not** defined (non-fixed code path).
- The buffer `b` must be entirely zeros (negative zero) to trigger the loop underflow.

Need the content of function(s): `twos_complement` (called in the fixed code path) for further verification.