About the Program:
PHP (Hypertext Preprocessor) is a widely used **server-side scripting language** designed for web development. Its primary purpose is to create dynamic web pages and applications by embedding PHP code within HTML. Here’s a breakdown of its key aspects:

---

### **Purpose of PHP**
1. **Dynamic Web Content**: Generates HTML dynamically based on user input, database queries, or other conditions.
2. **Server-Side Execution**: Runs on the server (e.g., Apache, Nginx) before sending output to the client’s browser.
3. **Database Interaction**: Integrates seamlessly with databases (MySQL, PostgreSQL, etc.) to build data-driven sites (e.g., WordPress, Drupal).
4. **Session Management**: Handles user sessions, cookies, and authentication.
5. **File Operations**: Reads/writes files on the server, processes forms, and handles uploads.

---

### **Input Formats**
PHP can process various types of input, including:
1. **HTTP Request Data**:
   - **`$_GET`**: Parameters from URLs (e.g., `example.com?name=John`).
   - **`$_POST`**: Data from HTML forms (e.g., login forms).
   - **`$_REQUEST`**: Combines `$_GET`, `$_POST`, and `$_COOKIE` (less secure).
2. **File Uploads** (`$_FILES`): Handles files submitted via forms.
3. **Command-Line Input**:
   - Arguments passed via CLI (e.g., `php script.php arg1 arg2`).
   - Accessed using `$argv` (arguments array) and `$argc` (argument count).
4. **JSON/API Data**: Decodes JSON input (e.g., `json_decode(file_get_contents('php://input'))`).

---

### **Basic Syntax Example**
```php
<?php
// Process form input (POST)
if ($_SERVER["REQUEST_METHOD"] == "POST") {
    $username = $_POST["username"]; // Input from HTML form
    echo "Hello, " . htmlspecialchars($username); // Sanitize output
}

// Command-line usage
if (php_sapi_name() === 'cli') {
    echo "Arguments: " . implode(", ", $argv);
}
?>
```

---

### **Key Features**
- **Embeddable in HTML**:
  ```html
  <p>Today is <?php echo date("Y-m-d"); ?></p>
  ```
- **Extensible**: Supports modules/plugins (e.g., GD for image processing).
- **Cross-Platform**: Works on Windows, Linux, macOS.

---

### **Security Considerations**
- **Sanitize Inputs**: Use `filter_var()` or prepared statements (e.g., PDO) to prevent SQL injection.
- **Avoid `eval()`**: Executing arbitrary code is risky.
- **File Uploads**: Validate file types and use `move_uploaded_file()` securely.

---

PHP remains a cornerstone of web development despite competition from Node.js/Python, thanks to its simplicity and broad adoption (e.g., Facebook, Wikipedia). Modern PHP (versions 8.0+) includes features like JIT compilation, typed properties, and improved performance. 

Would you like details on a specific aspect (e.g., frameworks like Laravel, security practices)?


Triggering Condition Analysis:
Based on the provided information, I have analyzed the vulnerability triggering conditions step by step:

1. **Conditional Statements Identification**:
   - Condition at exif.c:3895: `if (!data)` → Must evaluate to false (data non-NULL)
   - Condition at exif.c:3898: Implicit size requirement for `memcmp()` → Thumbnail size < 3 bytes

2. **Execution Order**:
   - exif.c:3895 check happens first (seq=0)
   - exif.c:3898 operation happens next (seq=1)

3. **Condition Decomposition**:
   - Atomic condition 1: `data != NULL` (conj=0)
   - Atomic condition 2: `ImageInfo->Thumbnail.size < 3` (conj=0)

4. **Triggering Conditions**:
   ```
   <data != NULL, exif.c:3895, 0, 0>
   <ImageInfo->Thumbnail.size < 3, exif.c:3898, 1, 0>
   ```

**Explanation**:
The vulnerability triggers when:
1. The thumbnail data pointer is non-NULL (passing the check at line 3895)
2. The thumbnail size is less than 3 bytes (causing a 3-byte read to overflow the buffer at line 3898)

Both conditions must be true simultaneously (same conjunct 0) and must occur in sequence (0 then 1). The patch resolves this by adding a size check (`ImageInfo->Thumbnail.size < 4`) before the `memcmp()` operation.