About the Program:
PHP (Hypertext Preprocessor) is a widely used open-source **server-side scripting language** designed for web development. It is embedded in HTML and executed on the server, generating dynamic content before sending it to the client's browser.

### **Purpose of PHP:**
1. **Dynamic Web Pages**: Generates HTML content dynamically (e.g., user-specific data).
2. **Server-Side Processing**: Handles form submissions, database interactions, and authentication.
3. **Database Integration**: Works seamlessly with databases like MySQL, PostgreSQL, and MongoDB.
4. **Web Frameworks**: Powers platforms like WordPress, Laravel, Symfony, and Drupal.
5. **APIs & Microservices**: Used to build RESTful APIs and backend services.

### **Input Formats PHP Can Process:**
PHP can handle various input formats, including:
1. **HTTP GET/POST Data** (Forms, Query Strings)  
   - Example: `$_GET['name']`, `$_POST['email']`
2. **JSON Input** (API Requests)  
   - Example: `json_decode(file_get_contents('php://input'))`
3. **File Uploads** (Multipart Forms)  
   - Example: `$_FILES['file_upload']`
4. **Cookies & Sessions**  
   - Example: `$_COOKIE['user']`, `$_SESSION['auth']`
5. **Command-Line Input (CLI Mode)**  
   - Example: `$argv` (for arguments in terminal: `php script.php arg1 arg2`)

### **Basic Example of PHP Processing Input:**
```php
<?php
// Handling a POST request (e.g., form submission)
if ($_SERVER['REQUEST_METHOD'] === 'POST') {
    $username = $_POST['username'];
    $password = $_POST['password'];
    echo "Received: $username, $password";
}

// Handling JSON input (e.g., API call)
$json_data = json_decode(file_get_contents('php://input'), true);
if ($json_data) {
    echo "JSON received: " . print_r($json_data, true);
}
?>
```

### **Security Considerations:**
- **Sanitize Inputs**: Use `filter_var()` or prepared statements (e.g., PDO) to prevent SQL injection.
- **Validate Data**: Check input formats (e.g., `ctype_alnum()` for usernames).
- **Avoid Direct File Inclusion**: Prevent Local File Inclusion (LFI) attacks by validating file paths.

PHP remains a cornerstone of web development due to its flexibility, extensive documentation, and broad hosting support. Would you like details on a specific use case (e.g., APIs, security hardening)?


Triggering Condition Analysis:
Based on the analysis of the heap-buffer-overflow vulnerability in `php_ifd_get32u` at `exif.c:1450:22`, the triggering conditions are derived as follows. The vulnerability occurs due to insufficient bounds checking when processing MakerNote IFD entries, leading to an out-of-bounds read. Below are the step-by-step conditions:

### Step-by-Step Conditions:
1. **Condition to enter MakerNote processing**: The EXIF tag must be `TAG_MAKER_NOTE` (37500) to trigger `exif_process_IFD_in_MAKERNOTE`.  
   - **Location**: `exif.c:3542`  
   - **Atomic Condition**: `tag == TAG_MAKER_NOTE`  
   - **Execution Order**: 0 (first condition)  
   - **Conjunct Identifier**: 0 (all conditions are ANDed)  

2. **Condition to find a valid MakerNote**: The loop must find a matching MakerNote definition in `maker_note_array` without exhausting the list.  
   - **Location**: `exif.c:3157`  
   - **Atomic Condition**: `i < sizeof(maker_note_array)/sizeof(maker_note_type)` (loop breaks early on match)  
   - **Execution Order**: 1  
   - **Conjunct Identifier**: 0  

3. **Condition for valid MakerNote offset**: The MakerNote's internal offset must be within the value buffer.  
   - **Location**: `exif.c:3183`  
   - **Atomic Condition**: `maker_note->offset < value_len`  
   - **Execution Order**: 2  
   - **Conjunct Identifier**: 0  

4. **Condition for IFD size validity**: The IFD structure size (`2 + NumDirEntries*12`) must fit within the MakerNote buffer.  
   - **Location**: `exif.c:3226`  
   - **Atomic Condition**: `(2 + NumDirEntries*12) <= value_len`  
   - **Execution Order**: 3  
   - **Conjunct Identifier**: 0  

5. **Condition to dereference out-of-bounds data**: The byte count of the IFD entry must exceed 4 bytes, forcing an offset read.  
   - **Location**: `exif.c:3310`  
   - **Atomic Condition**: `byte_count > 4`  
   - **Execution Order**: 4  
   - **Conjunct Identifier**: 0  

6. **Condition for buffer overflow**: The offset of the IFD entry (`dir_start + 10` to `dir_start + 13`) must exceed the MakerNote buffer.  
   - **Location**: `exif.c:3312` (where `php_ifd_get32u` is called)  
   - **Atomic Condition**: `(maker_note->offset + 13) >= value_len`  
   - **Execution Order**: 5  
   - **Conjunct Identifier**: 0  

### Final Triggering Conditions (Tuples):
Each tuple follows the format `<cond, loc, seq, conj>`:
```plaintext
<tag == TAG_MAKER_NOTE, exif.c:3542, 0, 0>
<i < sizeof(maker_note_array)/sizeof(maker_note_type), exif.c:3157, 1, 0>
<maker_note->offset < value_len, exif.c:3183, 2, 0>
<(2+NumDirEntries*12) <= value_len, exif.c:3226, 3, 0>
<byte_count > 4, exif.c:3310, 4, 0>
<(maker_note->offset + 13) >= value_len, exif.c:3312, 5, 0>
```

### Summary:
The vulnerability triggers when:
1. A `TAG_MAKER_NOTE` is processed.
2. A valid MakerNote definition is found.
3. The MakerNote's internal offset is within bounds.
4. The IFD size fits in the buffer superficially.
5. An IFD entry has `byte_count > 4` (forcing an offset read).
6. The read at `dir_start + 10` (for 4 bytes) overflows the buffer due to insufficient space.

The patch fixes this by adding a bounds check for `dir_start` relative to `value_len` in `exif_process_IFD_in_MAKERNOTE`.

### Note:
No additional function content is needed; all relevant code is provided.