About the Program:
**libpng** is a widely used open-source library for reading and writing **PNG (Portable Network Graphics)** image files. It provides a robust, high-performance implementation of the PNG specification and is commonly used in applications that need to handle PNG images.

### **Purpose of libpng**
- **Decoding PNG images**: Extracts pixel data, color profiles, metadata (like text chunks), and other information from PNG files.
- **Encoding PNG images**: Converts raw pixel data into a compressed PNG file with support for various color types, compression levels, and filters.
- **Supports advanced PNG features**:
  - Alpha transparency (RGBA, grayscale + alpha)
  - Color correction (gamma, ICC profiles)
  - Interlacing (Adam7 algorithm)
  - Text annotations (tEXt, iTXt, zTXt chunks)
  - Error handling and recovery

### **Input Formats Supported by libpng**
libpng primarily works with **PNG files**, but it processes them in different ways depending on the application's needs:

1. **File Input**  
   - Reads PNG files from disk or memory (via `fopen()`, `png_init_io()`).
   - Can process PNGs from custom data sources (using `png_set_read_fn()`).

2. **Pixel Data Formats**  
   When decoding, libpng can output pixel data in various formats:
   - **Color types**:
     - `PNG_COLOR_TYPE_GRAY` (grayscale)
     - `PNG_COLOR_TYPE_RGB` (truecolor)
     - `PNG_COLOR_TYPE_RGBA` (truecolor + alpha)
     - `PNG_COLOR_TYPE_PALETTE` (indexed color)
     - `PNG_COLOR_TYPE_GRAY_ALPHA` (grayscale + alpha)
   - **Bit depths**: 1, 2, 4, 8, 16 bits per channel.
   - **Endianness**: Handles big-endian and little-endian systems.

3. **Custom Transformations**  
   - Can convert input PNGs to a preferred format (e.g., always expand palettes to RGB).
   - Supports stripping alpha, swapping endianness, and scaling 16-bit to 8-bit.

### **Basic Workflow (Reading a PNG)**
1. **Initialize** libpng structures (`png_create_read_struct`).
2. **Set up error handling** (to catch corrupt PNGs).
3. **Set the input source** (file, memory buffer, or custom stream).
4. **Read PNG info** (dimensions, color type, bit depth).
5. **Decode image data** into a pixel buffer.
6. **Post-process** (convert to desired format if needed).
7. **Clean up** resources.

### **Example (Simplified C Code)**
```c
#include <png.h>
#include <stdio.h>

void read_png(const char* filename) {
    FILE *fp = fopen(filename, "rb");
    if (!fp) return;

    png_structp png = png_create_read_struct(PNG_LIBPNG_VER_STRING, NULL, NULL, NULL);
    png_infop info = png_create_info_struct(png);

    png_init_io(png, fp);
    png_read_info(png, info);

    int width = png_get_image_width(png, info);
    int height = png_get_image_height(png, info);
    png_byte color_type = png_get_color_type(png, info);
    png_byte bit_depth = png_get_bit_depth(png, info);

    // Read the image data...
    png_read_image(png, row_pointers);
    fclose(fp);
    png_destroy_read_struct(&png, &info, NULL);
}
```

### **Security Considerations**
- libpng has had **security vulnerabilities** in the past (e.g., buffer overflows, integer overflows). Always use the latest version.
- It performs **signature verification** (checks the PNG header `\x89PNG\r\n\x1A\n`).
- Supports **error recovery** but should be used with caution in untrusted input scenarios.

### **Alternatives**
- For simpler use cases, libraries like **stb_image.h** (single-header) or **SDL_image** might be easier.
- For advanced graphics, **OpenCV** or **ImageMagick** also support PNG but with more overhead.

Would you like details on a specific aspect (e.g., writing PNGs, handling transparency)?


Triggering Condition Analysis:
Based on the analysis of the provided vulnerability information and source code, the memory leak vulnerability occurs due to missing conditional checks in the `png_handle_eXIf` function, which prevents the `PNG_FREE_EXIF` flag from being set under specific error conditions. This results in the EXIF data not being freed during cleanup. The triggering conditions are as follows:

### Step-by-Step Analysis:
1. **Vulnerability Trigger Point**: The leak occurs when `png_free_data` (png.c:620) is called during cleanup, but the `PNG_FREE_EXIF` flag is not set in `info_ptr->free_me`, skipping the deallocation of EXIF data.

2. **Conditional Statements**:
   - **Condition 1**: The eXIf chunk processing encounters an error in `png_handle_eXIf` (pngrutil.c:2055–2096), specifically one of:
     - Chunk length < 2 (pngrutil.c:2054)
     - Duplicate eXIf chunk (pngrutil.c:2061)
     - Memory allocation failure (pngrutil.c:2071)
     - Invalid byte-order specifier (pngrutil.c:2083)
     - CRC check failure (pngrutil.c:2094)
   - **Condition 2**: Due to the error, `png_set_eXIf_1` is never called (pngrutil.c:2095), leaving `info_ptr->free_me` without the `PNG_FREE_EXIF` flag.
   - **Condition 3**: At cleanup (`png_free_data`), the condition `((mask & PNG_FREE_EXIF) & info_ptr->free_me) != 0` (png.c:620) evaluates to false, skipping the EXIF data deallocation.

3. **Execution Order**:
   - **Group 0 (Error Handling in `png_handle_eXIf`)**:
     - Error conditions are checked during eXIf chunk parsing (before reaching `png_set_eXIf_1`).
   - **Group 1 (Cleanup in `png_free_data`)**:
     - The flag check occurs during PNG structure destruction.

4. **Atomic Conditional Statements**:
   - For **Group 0** (conjunct 0):
     - `length < 2` (pngrutil.c:2054)
     - `(info_ptr->valid & PNG_INFO_eXIf) != 0` (pngrutil.c:2061, duplicate chunk)
     - `info_ptr->eXIf_buf == NULL` (pngrutil.c:2071, allocation failure)
     - `i == 1 && buf[0] != 'M' && buf[0] != 'I' && info_ptr->eXIf_buf[0] != buf[0]` (pngrutil.c:2083, byte-order error)
     - `png_crc_finish(png_ptr, 0) != 0` (pngrutil.c:2094, CRC failure)
   - For **Group 1** (conjunct 1):
     - `((mask & PNG_FREE_EXIF) & info_ptr->free_me) == 0` (png.c:620, flag not set)

5. **Triggering Conditions as Tuples**:
   - `<length < 2, pngrutil.c:2054, 0, 0>`
   - `<(info_ptr->valid & PNG_INFO_eXIf) != 0, pngrutil.c:2061, 0, 0>`
   - `<info_ptr->eXIf_buf == NULL, pngrutil.c:2071, 0, 0>`
   - `<i == 1 && buf[0] != 'M' && buf[0] != 'I' && info_ptr->eXIf_buf[0] != buf[0], pngrutil.c:2083, 0, 0>`
   - `<png_crc_finish(png_ptr, 0) != 0, pngrutil.c:2094, 0, 0>`
   - `<((mask & PNG_FREE_EXIF) & info_ptr->free_me) == 0, png.c:620, 1, 1>`

### Final Triggering Conditions:
```plaintext
<length < 2, pngrutil.c:2054, 0, 0>
<(info_ptr->valid & PNG_INFO_eXIf) != 0, pngrutil.c:2061, 0, 0>
<info_ptr->eXIf_buf == NULL, pngrutil.c:2071, 0, 0>
<i == 1 && buf[0] != 'M' && buf[0] != 'I' && info_ptr->eXIf_buf[0] != buf[0], pngrutil.c:2083, 0, 0>
<png_crc_finish(png_ptr, 0) != 0, pngrutil.c:2094, 0, 0>
<((mask & PNG_FREE_EXIF) & info_ptr->free_me) == 0, png.c:620, 1, 1>
```