About the Program:
**Poppler** is an open-source software library primarily used for rendering **PDF (Portable Document Format)** files. It provides functionality for parsing, rendering, and manipulating PDF documents programmatically. Here’s a breakdown of its key aspects:

### **Purpose of Poppler:**
1. **PDF Rendering** – Converts PDF files into displayable or printable formats.
2. **Text Extraction** – Extracts text content from PDFs (useful for search indexing or processing).
3. **PDF Manipulation** – Supports modifications like merging, splitting, or annotating PDFs (often via helper tools).
4. **Form Handling** – Interacts with PDF forms (filling, exporting data).
5. **Used by Popular Applications** – Many Linux PDF viewers (e.g., Evince, Okular) and tools (e.g., `pdftotext`, `pdfimages`) rely on Poppler.

### **Input Formats:**
- **Primary Input:** PDF files (`.pdf`).
- **Supports PDF standards** up to **PDF 2.0** (with varying levels of feature support).
- **Can handle encrypted PDFs** (if the password is provided).
- **Optional support for other formats** via conversion (e.g., PostScript → PDF → Poppler).

### **Common Tools Built on Poppler:**
- `pdftotext` – Extracts text from PDFs.
- `pdfimages` – Extracts embedded images.
- `pdffonts` – Lists fonts used in a PDF.
- `pdfinfo` – Displays metadata (author, creation date, etc.).
- `pdftoppm` – Converts PDF pages to image formats (PNG, JPEG).

### **APIs & Bindings:**
Poppler provides libraries for integration into applications:
- **C++** (core library).
- **GLib-based C API** (for GNOME/GTK apps).
- **Python bindings** (via `python-poppler` or `pypoppler`).
- **Other language bindings** (e.g., Ruby, Qt).

### **Security Considerations:**
- Poppler is often targeted for exploits due to its PDF parsing complexity. Historically, vulnerabilities (e.g., buffer overflows, parsing flaws) have been found, so keeping it updated is critical.

### **License:**
- Poppler is **GPL-licensed** (some components under more permissive licenses).

### **Example Usage (Command Line):**
```sh
# Extract text from a PDF:
pdftotext input.pdf output.txt

# Convert the first page of a PDF to a PNG image:
pdftoppm -png -f 1 -singlefile input.pdf output
```

Poppler is widely regarded as the de facto open-source PDF rendering engine, especially on Linux systems. Would you like details on a specific feature or use case?


Triggering Condition Analysis:
Based on the provided information, the vulnerability is a null-pointer-dereference in `AnnotInk::draw` at `Annot.cc:5917`. The crash occurs when dereferencing a null `path` pointer. Here's the step-by-step analysis of the triggering conditions:

### Step 1: Identify Conditional Statements
1. **Condition at `Annot.cc:5901`**  
   `if (appearance.isNull())`  
   This condition must be true to enter the appearance generation block where the vulnerable loop exists.

2. **Condition at `Annot.cc:5917`**  
   `if (path->getCoordsLength() != 0)`  
   This condition is where the crash occurs. The dereference of `path` happens when evaluating `path->getCoordsLength()`. For the crash to trigger, `path` must be `nullptr` at this point.

### Step 2: Execution Order
- **Sequence 0**: `appearance.isNull() == true` (line 5901) must execute first to enter the vulnerable code block.  
- **Sequence 1**: `path == nullptr` (line 5917) occurs next during the loop iteration where the null pointer is dereferenced.

### Step 3: Decompose Complex Conditions
Both conditions are atomic:  
- `appearance.isNull() == true` (line 5901) is a primitive condition.  
- `path == nullptr` (line 5917) is a primitive condition.  
No decomposition is needed, so both use `conj=0`.

### Step 4: Triggering Conditions as Tuples
| Condition                          | Location          | Sequence (seq) | Conjunct (conj) |
|------------------------------------|-------------------|----------------|-----------------|
| `appearance.isNull() == true`      | `Annot.cc:5901`   | 0              | 0               |
| `path == nullptr`                  | `Annot.cc:5917`   | 1              | 0               |

### Explanation:
- **`appearance.isNull() == true`** (seq 0):  
  Must hold to enter the appearance generation block (lines 5901–5943). If false, the vulnerable loop is skipped.  
- **`path == nullptr`** (seq 1):  
  The loop iterates over `inkList`, and `path` is assigned from `inkList[i]` (line 5916). If `inkList` contains a `nullptr` at any index `i`, `path` becomes null. At line 5917, dereferencing `path` triggers the crash.  

### Notes:
1. The loop runs only if `inkListLength > 0`, but this is implicit in reaching line 5916.  
2. The null `path` must originate from `inkList[i]` (line 5916), but the crash manifests at line 5917.  
3. The patch adds a null check for `path` before calling `getCoordsLength()`.  

**No additional function content is needed for this analysis.**