About the Program:
**libxml2** is a widely used open-source software library for parsing, validating, and manipulating **XML (eXtensible Markup Language)** and related formats. It is written in **C** and provides APIs for various programming languages, including Python, Ruby, and Perl.

### **Purpose of libxml2**
1. **XML Parsing** – Reads and processes XML documents.
2. **Validation** – Supports **DTD (Document Type Definition)** and **XML Schema** validation.
3. **XPath & XSLT** – Enables querying and transforming XML data.
4. **HTML Parsing** – Can handle (non-strict) HTML documents.
5. **Memory Efficiency** – Uses a tree-based (**DOM**) or streaming (**SAX**) approach for parsing.
6. **Cross-Platform** – Works on Linux, Windows, macOS, and embedded systems.

### **Input Formats Supported**
libxml2 can process:
- **XML 1.0 & XML 1.1** documents.
- **HTML** (even malformed, with recovery options).
- **XHTML** (strict HTML as XML).
- **DTD** (for validation).
- **XML Schemas** (XSD).
- **XInclude** (for merging XML documents).
- **XPath & XSLT** (for querying and transforming XML).

### **Common Use Cases**
- Web scraping (e.g., parsing HTML/XML responses).
- Configuration file processing.
- Data interchange (e.g., SOAP, RSS feeds).
- Document transformation (XSLT).
- Security tools (analyzing XML-based attacks).

### **Security Considerations**
- libxml2 has had vulnerabilities in the past (e.g., **XXE attacks**, **memory corruption bugs**).
- Always use the latest version and disable dangerous features (like external entity loading) when parsing untrusted input.

Would you like details on specific APIs or usage examples?


Triggering Condition Analysis:
Based on the provided information, the triggering conditions for the heap-buffer-overflow vulnerability in `libxml2` are analyzed as follows. The vulnerability occurs due to a missing boundary check when processing unterminated DOCTYPE declarations, leading to an out-of-bounds read during the `NEXT` operation at `parser.c:8362`.

### Step-by-Step Analysis:
1. **Conditional Statements and Locations**:
   - **Condition 1**: Presence of an internal subset (DTD block) indicated by `'['` at `parser.c:8317`.
   - **Condition 2**: Parser reaches EOF (`XML_PARSER_EOF`) during internal subset parsing (loop exit condition at `parser.c:8326`).
   - **Condition 3**: Absence of closing `']'` for the internal subset at `parser.c:8353`.
   - **Condition 4**: Absence of closing `'>'` for the DOCTYPE declaration at `parser.c:8362`.

2. **Execution Order and Decomposition**:
   - **Group 1 (Internal Subset Path)**:
     - `parser.c:8317`: Checks for `'['` to enter internal subset parsing.
     - `parser.c:8326`: Loop exits due to `XML_PARSER_EOF` (decomposed from complex loop condition).
     - `parser.c:8353`: Checks for closing `']'` (not found).
     - `parser.c:8362`: Checks for closing `'>'` (not found).
   - **Group 2 (No Internal Subset Path)**:
     - `parser.c:8317`: Checks absence of `'['` (skips internal subset).
     - `parser.c:8362`: Checks for closing `'>'` (not found).

3. **Triggering Conditions as Tuples**:
   - **Group 1 (Internal Subset)**:
     - `<RAW == '[', parser.c:8317, 0, 0>`
     - `<ctxt->instate == XML_PARSER_EOF, parser.c:8326, 1, 0>`
     - `<RAW != ']', parser.c:8353, 2, 0>`
     - `<RAW != '>', parser.c:8362, 3, 0>`
   - **Group 2 (No Internal Subset)**:
     - `<RAW != '[', parser.c:8317, 0, 0>`
     - `<RAW != '>', parser.c:8362, 1, 0>`

### Summary:
The vulnerability triggers when:
- **Group 1**: A DOCTYPE with an internal subset (`[ ... ]`) is unterminated (missing `]` **and** `>`), and parsing exhausts input (EOF).
- **Group 2**: A DOCTYPE without an internal subset is missing the closing `>`.

Both paths lead to a `NEXT` operation at `parser.c:8362` without validating buffer bounds, causing heap overflow. The patch fixes this by adding a mandatory `'>'` check before `NEXT`.

No additional function definitions are required for this analysis.