About the Program:
**libpng** is a widely used open-source library for reading and writing **PNG (Portable Network Graphics)** image files. It provides a robust, efficient, and portable API for handling PNG images in software applications.

### **Purpose of libpng**
- Supports **decoding** (reading) and **encoding** (writing) PNG files.
- Handles various PNG features, including:
  - Transparency (Alpha channel)
  - Color correction (Gamma, ICC profiles)
  - Compression (Deflate algorithm)
  - Interlacing (Adam7 algorithm)
  - Text metadata (tEXt, iTXt, zTXt chunks)
- Used in many applications (web browsers, image editors, games, etc.).

### **Input Format (PNG File Structure)**
PNG files consist of a **signature** followed by a series of **chunks**:
1. **PNG Signature** (8 bytes):  
   - Always `\x89PNG\r\n\x1a\n` (identifies the file as PNG).
2. **Chunks** (each contains):
   - **Length** (4 bytes, big-endian)
   - **Chunk Type** (4 bytes, e.g., `IHDR`, `IDAT`, `IEND`)
   - **Chunk Data** (variable length)
   - **CRC** (4 bytes, checksum)

#### **Key PNG Chunks**
| Chunk  | Purpose |
|--------|---------|
| **IHDR** | Image header (width, height, bit depth, color type, etc.) |
| **PLTE** | Palette (for indexed-color images) |
| **IDAT** | Contains compressed pixel data |
| **IEND** | Marks the end of the PNG file |

### **How libpng Processes Input**
1. **Initialization**  
   - `png_create_read_struct()` / `png_create_write_struct()`
2. **Reading Metadata**  
   - `png_read_info()` reads IHDR and other critical chunks.
3. **Decoding Image Data**  
   - `png_read_image()` decompresses pixel data.
4. **Error Handling**  
   - Uses `setjmp/longjmp` for error recovery.
5. **Cleanup**  
   - `png_destroy_read_struct()` frees resources.

### **Supported Color Formats**
- **Grayscale** (1, 2, 4, 8, 16 bits)
- **RGB** (8/16 bits per channel)
- **Indexed-color** (with PLTE chunk)
- **Grayscale + Alpha**
- **RGBA** (with transparency)

### **Security Considerations**
- libpng has had vulnerabilities in the past (e.g., buffer overflows, integer overflows).
- Always use the **latest version** to mitigate risks.
- Enable **runtime checks** via `PNG_SETJMP_SUPPORTED`.

### **Example Usage (C Code)**
```c
#include <png.h>
#include <stdio.h>

void read_png(const char *filename) {
    FILE *fp = fopen(filename, "rb");
    png_structp png = png_create_read_struct(PNG_LIBPNG_VER_STRING, NULL, NULL, NULL);
    png_infop info = png_create_info_struct(png);
    png_init_io(png, fp);
    png_read_info(png, info);

    int width = png_get_image_width(png, info);
    int height = png_get_image_height(png, info);
    printf("Image: %d x %d\n", width, height);

    png_destroy_read_struct(&png, &info, NULL);
    fclose(fp);
}
```

### **Conclusion**
libpng is a **critical library** for PNG image processing, supporting various formats and features. Developers must ensure proper error handling and use updated versions to avoid security risks.

Would you like details on a specific aspect (e.g., compression, alpha handling)?


Triggering Condition Analysis:
Based on the provided vulnerability information, source code, and instructions, the triggering conditions for the buffer overflow vulnerability in `png_handle_PLTE` at `pngrutil.c:993` are analyzed step by step below. The overflow occurs when the loop writes beyond the bounds of the `palette` array (size `PNG_MAX_PALETTE_LENGTH` = 256) due to insufficient validation of `num`.

### Step-by-Step Analysis:
1. **Identify conditional statements and locations**:
   - **Condition 1 (Line 961)**:  
     `if (length > 3*PNG_MAX_PALETTE_LENGTH || length % 3)`  
     *Purpose*: Rejects invalid PLTE chunk lengths (too long or not divisible by 3). Must evaluate to `false` to proceed to the loop.
   - **Condition 2 (Line 982-985)**:  
     `if (png_ptr->color_type == PNG_COLOR_TYPE_PALETTE)`  
     *Purpose*: Sets `max_palette_length` to `(1 << bit_depth)` for palette images or `PNG_MAX_PALETTE_LENGTH` (256) otherwise.
   - **Overflow Condition (Implicit at Line 993)**:  
     `num > PNG_MAX_PALETTE_LENGTH`  
     *Purpose*: When true, the loop iterates beyond the `palette` array bounds. This is not a conditional statement in the code but is derived from the loop bounds.

2. **Execution order**:
   - **Group 1 (Seq=0)**: Conditions at lines 961 and 982-985 execute before the loop (line 988).
   - **Group 2 (Seq=1)**: The overflow occurs during loop execution (line 993).

3. **Decompose complex conditions**:
   - **Condition 1 (Line 961)** decomposes into two atomic sub-conditions (conjuncts):
     - `length <= 3*PNG_MAX_PALETTE_LENGTH` (Conj=0)  
     - `length % 3 == 0` (Conj=1)  
     Both must be true to bypass the error and proceed.
   - **Condition 2 (Line 982-985)** is atomic (Conj=0).

4. **Triggering conditions as tuples**:
   - The overflow requires:
     - Bypassing the length check (Condition 1).
     - `num > PNG_MAX_PALETTE_LENGTH` (overflow condition).
     - The loop index `i` reaching an out-of-bounds value (≥256).

   The tuples are:
   - `<length <= 3*PNG_MAX_PALETTE_LENGTH, pngrutil.c:961, 0, 0>`  
   - `<length % 3 == 0, pngrutil.c:961, 0, 1>`  
   - `<num > PNG_MAX_PALETTE_LENGTH, pngrutil.c:993, 1, 0>`  

### Final Triggering Conditions:
```plaintext
<length <= 3*PNG_MAX_PALETTE_LENGTH, pngrutil.c:961, 0, 0>
<length % 3 == 0, pngrutil.c:961, 0, 1>
<num > PNG_MAX_PALETTE_LENGTH, pngrutil.c:993, 1, 0>
```

### Explanation:
- **`num > PNG_MAX_PALETTE_LENGTH`** is the core overflow condition, where `num = length / 3`.
- The first two conditions ensure the vulnerable loop is reached (bypassing errors).
- At `pngrutil.c:993`, when `i >= 256`, the write to `pal_ptr->red` overflows the buffer.  
- The patch fixes this by clamping `num` to `max_palette_length` before the loop.

**Note**: The condition `num > max_palette_length` (unchecked without the patch) can occur in non-palette images (`max_palette_length = 256`) or palette images with high bit depth (e.g., 16-bit allows 65536 entries). The length check (line 961) restricts `num` to ≤256, but this is insufficient for palette images with bit depth >8, where `max_palette_length` > 256. The loop still overflows since the `palette` array size is fixed at 256.