About the Program:
**libtiff** is a widely used open-source library for reading, writing, and manipulating **TIFF (Tagged Image File Format)** files. Here’s a breakdown of its purpose and input format:

### **Purpose of libtiff**
1. **TIFF File Handling**:
   - Reads, writes, and modifies TIFF files (`.tif`, `.tiff`).
   - Supports both classic and BigTIFF (for files >4GB) formats.
2. **Image Processing**:
   - Supports various compression schemes (LZW, Deflate, JPEG, CCITT, etc.).
   - Handles multi-page documents, tiled images, and strips.
   - Supports different color spaces (RGB, CMYK, grayscale, etc.).
3. **Cross-Platform**:
   - Works on Unix/Linux, Windows, macOS, and embedded systems.
4. **Used in Many Applications**:
   - GIS software (e.g., GDAL), image editors (e.g., GIMP), and document scanners.

### **Input Format (TIFF)**
The **TIFF** format is highly flexible and supports:
- **Multiple Image Types**:
  - Grayscale, RGB, CMYK, palette-based, etc.
- **Compression Methods**:
  - None, LZW, Deflate, JPEG, PackBits, CCITT (for fax images).
- **Metadata (Tags)**:
  - EXIF, geospatial data, custom tags.
- **Multi-Page & Multi-Layer Support**:
  - Used for scanned documents (e.g., faxes, PDFs).
- **Tiled vs. Striped Storage**:
  - Large images can be stored in tiles or scanline strips.

### **Security Considerations**
- libtiff has had **historical vulnerabilities** (buffer overflows, heap corruptions) due to its complexity.
- Users should **update to the latest version** to mitigate risks.

Would you like details on specific features or security issues?


Triggering Condition Analysis:
Based on the provided vulnerability information and source code analysis, here are the triggering conditions for the heap-buffer-overflow vulnerability:

### Step-by-Step Triggering Conditions:

1. **Conditional Statements Identification**:
   - The vulnerability occurs when `td_bitspersample` is set to 8, causing `m = 256` (line 2057). This leads to a 512-byte read from `td_colormap[0]` (line 2064).
   - The `td_colormap[0]` buffer must be allocated for fewer than 256 entries (i.e., < 512 bytes).

2. **Execution Order**:
   - `td_bitspersample == 8` must be true before reaching line 2064 (sequence 0).
   - The colormap allocation size condition is inherent at the crash point (sequence 0).

3. **Atomic Conditions**:
   - **Condition 1**: `tif->tif_dir.td_bitspersample == 8`  
     (Conjunct 0: determines `m = 256` at line 2057)
   - **Condition 2**: `allocated_size(tif->tif_dir.td_colormap[0]) < 512`  
     (Conjunct 0: ensures source buffer is too small for the 512-byte read)

4. **Triggering Conditions in Tuple Form**:
   | Condition | Location | Sequence | Conjunct |
   |-----------|----------|----------|----------|
   | `tif->tif_dir.td_bitspersample == 8` | `tif_dirwrite.c:2057` | 0 | 0 |
   | `allocated_size(tif->tif_dir.td_colormap[0]) < 512` | `tif_dirwrite.c:2064` | 0 | 0 |

### Explanation:
- **Heap-Buffer-Overflow**: Occurs when `td_bitspersample = 8` (making `m = 256`) and `td_colormap[0]` is allocated for fewer than 256 entries. The `_TIFFmemcpy` at line 2064 attempts to read `256 * sizeof(uint16) = 512` bytes from a buffer smaller than 512 bytes.
- **Patch Context**: The provided patch in `tif_pixarlog.c` mitigates a related issue by forcing `td_bitspersample = 8` only after initialization, but the vulnerability triggers when this value is set earlier (e.g., during PixarLog compression setup) without reallocating `td_colormap`.

### Additional Functions Needed:
Need the content of function(s):  
- `PixarLogSetupEncode` (to analyze how `td_bitspersample` is set)  
- `TIFFSetField` (to understand colormap allocation logic)  
- `PixarLogClose` (full context of the patch)  

This will allow deeper analysis of the conditions under which `td_bitspersample` is increased without resizing `td_colormap`.