About the Program:
**libtiff** is a widely used open-source library for reading, writing, and manipulating **TIFF (Tagged Image File Format)** files. It provides support for a variety of TIFF extensions, including different compression schemes, color spaces, and multi-page documents.

### **Purpose of libtiff**
1. **Read/Write TIFF Files**: Enables programs to handle TIFF images programmatically.
2. **Support for Advanced Features**:
   - Multiple image layers (e.g., multi-page documents).
   - Different compression methods (LZW, Deflate, JPEG, CCITT Fax, etc.).
   - High bit-depth images (e.g., 16-bit, 32-bit floating point).
   - GeoTIFF metadata for geospatial imaging.
3. **Cross-Platform**: Works on Windows, Linux, macOS, and embedded systems.
4. **Used in Many Applications**:
   - Image processing software (e.g., GIMP, ImageMagick).
   - GIS applications (e.g., QGIS).
   - Document scanners and printing systems.

### **Input Formats Supported**
libtiff primarily processes **TIFF (.tif, .tiff)** files, but it also supports:
- **Classic TIFF** (Baseline TIFF 6.0).
- **BigTIFF** (for files larger than 4GB).
- **TIFF with Extensions**:
  - GeoTIFF (georeferenced images).
  - TIFF/EP (for digital photography).
  - TIFF-FX (for fax and document imaging).
  - Custom private tags.

### **Common Operations**
- Reading & writing TIFF files.
- Extracting embedded thumbnails.
- Converting between compression formats.
- Handling multi-page TIFFs (e.g., PDF-like documents).

### **Security Considerations**
libtiff has had **historical vulnerabilities** (e.g., buffer overflows, out-of-bounds reads), so keeping it updated is crucial for security.

Would you like details on how to use it in code (C/C++/Python)?


Triggering Condition Analysis:
Based on the provided information and analysis of the vulnerability, here are the step-by-step triggering conditions:

1. **Conditional Statements Identification**:
   - `td->td_bitspersample == 1` at `tif_pixarlog.c:1254` (must be true before modification)
   - `tif->tif_mode != O_RDONLY` at `tif_flush.c` (beginning of `TIFFFlush`)
   - `(tif->tif_flags & TIFF_DIRTYDIRECT) != 0` at `tif_flush.c` (in rewrite condition)
   - `NOREADDIR(tif) == 0` at `tif_flush.c` (in rewrite condition)
   - `(tif->tif_flags & TIFF_BEENWRITING) != 0` at `tif_flush.c` (in rewrite condition)
   - `tif->tif_dir.td_colormap[0] != NULL` at `tif_dirwrite.c:626` (colormap check)

2. **Execution Order Assignment**:
   - Group 1 (First): `td->td_bitspersample == 1` (during `PixarLogClose`)
   - Group 2 (Second): `TIFFFlush` file-mode check
   - Group 3 (Third): `TIFFFlush` rewrite-directory flags
   - Group 4 (Fourth): Colormap presence check

3. **Decomposition of Complex Conditions**:
   - Rewrite condition in `TIFFFlush` (Group 3) is decomposed into 3 atomic conditions with the same conjunct ID since they are ANDed:
     - `(tif->tif_flags & TIFF_DIRTYDIRECT) != 0`
     - `NOREADDIR(tif) == 0`
     - `(tif->tif_flags & TIFF_BEENWRITING) != 0`

4. **Triggering Conditions as Tuples**:
   - `<td->td_bitspersample == 1, tif_pixarlog.c:1254, 0, 0>`
   - `<tif->tif_mode != O_RDONLY, tif_flush.c, 1, 0>`
   - `<(tif->tif_flags & TIFF_DIRTYDIRECT) != 0, tif_flush.c, 2, 0>`
   - `<NOREADDIR(tif) == 0, tif_flush.c, 2, 0>`
   - `<(tif->tif_flags & TIFF_BEENWRITING) != 0, tif_flush.c, 2, 0>`
   - `<tif->tif_dir.td_colormap[0] != NULL, tif_dirwrite.c:626, 3, 0>`

**Summary of Vulnerability Trigger**:
The overflow occurs when:
1. A TIFF file with **PixarLog compression** and **1-bit samples** is opened for writing
2. `PixarLogClose` modifies `td_bitspersample` to 8 during cleanup
3. `TIFFFlush` attempts to rewrite the directory while:
   - File is writable (`tif_mode != O_RDONLY`)
   - Directory is dirty (`TIFF_DIRTYDIRECT` flag)
   - File was written (`TIFF_BEENWRITING` flag)
   - Directory can be reread (`NOREADDIR` false)
4. The rewritten directory tries to copy 256 uint16 entries (512 bytes) from a colormap originally allocated for only 2 entries (4 bytes)

Need the content of function(s): `TIFFWriteDirectorySec`, and the macro `NOREADDIR` for full verification.