About the Program:
**libtiff** is a widely used open-source library for reading, writing, and manipulating **TIFF (Tagged Image File Format)** files. Below are key details about its purpose and input format:

### **Purpose of libtiff**
1. **TIFF File Handling**  
   - Supports reading, writing, and editing TIFF files, a flexible raster image format.
   - Used in applications like graphic design, medical imaging, and geospatial data processing.

2. **Multi-Image Support**  
   - Handles multi-page TIFF files (e.g., documents with multiple scanned pages).

3. **Compression & Encoding**  
   - Supports various compression schemes (LZW, Deflate, JPEG, CCITT Fax, etc.).
   - Allows different color spaces (RGB, CMYK, grayscale) and bit depths.

4. **Metadata & Extensibility**  
   - Manages TIFF tags (metadata like resolution, copyright, GPS data).
   - Extensible for custom tags.

5. **Cross-Platform**  
   - Written in C, with bindings for other languages (Python, Java, etc.).

### **Input Format (TIFF Structure)**
- **File Organization**  
  - TIFF files consist of **Image File Directories (IFDs)**, each storing metadata and pixel data.
  - Supports **BigTIFF** for files >4GB.

- **Pixel Data Storage**  
  - Strips (small chunks) or tiles (rectangular blocks).
  - Planar (separate color channels) or interleaved (mixed channels).

- **Supported Data Types**  
  - 1-bit (binary), 8/16/32-bit integers, 32/64-bit floating point.

- **Compression Methods**  
  - Uncompressed, PackBits, LZW, Deflate, JPEG, CCITT Group 3/4 (for B&W).

### **Common Uses & Vulnerabilities**
- **Applications**: GIS software (GDAL), image editors (GIMP), document scanners.
- **Security Note**: libtiff has had **buffer overflows** and **heap corruption** issues in the past (e.g., CVE-2016-9297, CVE-2022-2867). Always use the latest version.

### **Example Code (Reading a TIFF)**
```c
#include <tiffio.h>
int main() {
    TIFF* tif = TIFFOpen("image.tif", "r");
    if (tif) {
        uint32 width, height;
        TIFFGetField(tif, TIFFTAG_IMAGEWIDTH, &width);
        TIFFGetField(tif, TIFFTAG_IMAGELENGTH, &height);
        printf("Image size: %dx%d\n", width, height);
        TIFFClose(tif);
    }
    return 0;
}
```

### **Key Tools Using libtiff**
- **tiffinfo**: Displays TIFF metadata.
- **tiffcp**: Converts/combines TIFF files.
- **tiff2pdf**: Converts TIFF to PDF.

Would you like details on a specific feature (e.g., compression, BigTIFF)?


Triggering Condition Analysis:
Based on the provided information, I have analyzed the vulnerability triggering conditions step by step:

1. **Conditional Statements and Locations**:
   - The crash occurs at `tif_dir.c:479` during TRANSFERFUNCTION tag processing
   - Key conditions involve:
     a) Setting BITSPERSAMPLE to a large value (line 210)
     b) Setting TRANSFERFUNCTION tag (line 476)
     c) BitsPerSample value >= 31 at crash point (line 479)

2. **Execution Order**:
   - Group 0: BITSPERSAMPLE set with large value (must happen first)
   - Group 1: TRANSFERFUNCTION processing and validation (happens later)

3. **Atomic Conditions**:
   - Conjunct 0: BITSPERSAMPLE value >= 31
   - Conjunct 1: Processing TRANSFERFUNCTION tag (tag 277)
   - Conjunct 2: BitsPerSample remains >= 31 at crash point

4. **Triggering Conditions as Tuples**:
```
<td->td_bitspersample = (uint16)va_arg(ap, uint16_vap) >= 31, line 210 in tif_dir.c, 0, 0>
<tag == 277, line 476 in tif_dir.c, 1, 0>
<td->td_bitspersample >= 31, line 479 in tif_dir.c, 1, 1>
```

**Explanation**:
1. First condition (seq 0): At BITSPERSAMPLE tag handling (line 210), the value must be ≥31. This sets up the vulnerable state.
2. Second condition (seq 1): At TRANSFERFUNCTION tag (line 476), the tag ID must be 277.
3. Third condition (seq 1): At crash point (line 479), BitsPerSample must still be ≥31, causing the allocation size `1U<<td->td_bitspersample` to overflow or become excessively large.

Need the content of function(s): `_TIFFsetShortArray` to confirm exact buffer handling during the overflow.