About the Program:
**libtiff** is a widely used open-source library for reading, writing, and manipulating **TIFF (Tagged Image File Format)** files. Below are key details about its purpose, features, and input format:

### **Purpose of libtiff**
1. **TIFF File Handling**  
   - Provides functions to read, modify, and save images in the TIFF format.
   - Supports both classic and BigTIFF (for files >4GB) formats.

2. **Cross-Platform Compatibility**  
   - Works on Windows, Linux, macOS, and other Unix-like systems.

3. **Flexible Image Processing**  
   - Supports various compression schemes (LZW, Deflate, JPEG, CCITT Fax, etc.).
   - Handles multiple color spaces (grayscale, RGB, CMYK, etc.).
   - Supports multi-page documents and tiled/striped storage.

4. **Extensibility**  
   - Allows custom tags for specialized metadata.

### **Input Format (TIFF)**
- **File Extension**: `.tif` or `.tiff`
- **Structure**:
  - **Header**: Contains byte order, TIFF version, and offset to the first IFD.
  - **Image File Directories (IFDs)**: Metadata tags (e.g., dimensions, compression, photometric interpretation).
  - **Pixel Data**: Stored in strips or tiles, optionally compressed.
- **Supported Data Types**:
  - 1-bit (bilevel), 8-bit, 16-bit, 32-bit integers.
  - 32-bit and 64-bit floating point.
  - Multi-sample (e.g., RGB, RGBA).

### **Common Uses**
- Geospatial imaging (e.g., satellite/aerial photos).
- Document scanning & archival (multi-page TIFFs).
- Scientific imaging (high bit-depth support).

### **Security Considerations**
- libtiff has had **historical vulnerabilities** (e.g., buffer overflows, out-of-bounds reads), so keeping it updated is crucial.

### **Example Tools Using libtiff**
- ImageMagick, GIMP, GDAL, and many other imaging/geospatial tools.

Would you like details on a specific aspect (e.g., compression, programming API)?


Triggering Condition Analysis:
Based on the provided information and analysis of the vulnerability, the triggering conditions are as follows:

### Step-by-Step Analysis:
1. **Crash Location**: The crash occurs at `tif_dir.c:479` inside the `_TIFFVSetField` function during processing of `TIFFTAG_TRANSFERFUNCTION` (tag 477).
2. **Vulnerability Cause**: A buffer overflow occurs when setting transfer function arrays due to an incorrect loop bound (`v`).
3. **Key Conditional**:
   - At `tif_dir.c:478`, `v` is calculated as:
     ```c
     v = (td->td_samplesperpixel - td->td_extrasamples) > 1 ? 3 : 1;
     ```
   - The loop at line 479 iterates `v` times (1 or 3) to allocate/write to `td->td_transferfunction[i]`.
4. **Overflow Condition**: When `(td->td_samplesperpixel - td->td_extrasamples) > 1` is true, `v = 3`. However, `td->td_transferfunction` is a fixed-size array of 3 pointers. If the subtraction result is excessively large (due to attacker-controlled values), the loop may exceed valid bounds during memory operations in `_TIFFsetShortArray` (line 480), causing a buffer overflow. This corrupts memory and crashes at the loop condition (line 479).

### Triggering Conditions in Tuple Form:
- **Atomic Condition Decomposition**:
  - The condition at the crash location (line 479) is the loop condition `i < v`.
  - The vulnerability depends on `v = 3` (via the ternary operator) and invalid heap state from prior operations.

<details>
<summary>Decomposed Conditions</summary>

| Condition | Location | Sequence (seq) | Conjunct (conj) |
|-----------|----------|----------------|-----------------|
| `(td->td_samplesperpixel - td->td_extrasamples) > 1` | `tif_dir.c:478` | 0 | 0 |
| `v == 3` | `tif_dir.c:478` | 1 | 0 |
| `i < v` | `tif_dir.c:479` | 2 | 0 |

</details>

### Final Output:
```
<(td->td_samplesperpixel - td->td_extrasamples) > 1, tif_dir.c:478, 0, 0>
<v == 3, tif_dir.c:478, 1, 0>
<i < v, tif_dir.c:479, 2, 0>
```

**Note**: The crash manifests at the loop condition (line 479), but the root cause is the improper calculation of `v` at line 478 due to attacker-controlled `td->td_samplesperpixel` and `td->td_extrasamples`.