About the Program:
**libtiff** is a widely used open-source library for reading, writing, and manipulating **TIFF (Tagged Image File Format)** files. Here’s a breakdown of its purpose and input format:

### **Purpose of libtiff**
1. **TIFF File Handling**:
   - Reads, writes, and modifies TIFF files (`.tif`, `.tiff`).
   - Supports both classic and BigTIFF (for very large files) formats.
2. **Image Processing**:
   - Supports various compression schemes (LZW, Deflate, JPEG, CCITT, etc.).
   - Handles different color spaces (RGB, CMYK, grayscale, etc.).
   - Supports multi-page documents and tiled/striped storage.
3. **Metadata Management**:
   - TIFF files contain extensive metadata (tags), and `libtiff` allows reading/modifying them.
4. **Cross-Platform**:
   - Works on Unix/Linux, Windows, and macOS.
   - Used by many applications (e.g., image editors, GIS software, document scanners).

### **Input Format (TIFF Structure)**
- **File Format**: Binary, with a flexible header structure.
- **Key Features**:
  - **Header**: Starts with either `II` (Intel/Little-Endian) or `MM` (Motorola/Big-Endian).
  - **Image Data**:
    - Stored in **strips** (for scanline-based access) or **tiles** (for block-based access).
    - Supports multiple layers, pages, and resolutions (e.g., for multi-page documents or pyramidal TIFFs).
  - **Compression**:
    - Uncompressed, PackBits, LZW, Deflate, JPEG, CCITT Group 3/4 (for faxes), etc.
  - **Pixel Formats**:
    - 1-bit (bilevel), 8/16/32-bit (grayscale/RGB), floating-point, and even CMYK.
  - **Metadata (Tags)**:
    - EXIF, GeoTIFF (for geospatial data), IPTC, and custom tags.

### **Common Uses of libtiff**
- Document archiving (scanned PDFs often use TIFF internally).
- Remote sensing and geospatial imaging (GeoTIFF).
- Medical imaging (DICOM sometimes uses TIFF variants).
- High-quality image storage (due to lossless compression support).

### **Security Considerations**
- `libtiff` has had **numerous vulnerabilities** in the past (buffer overflows, integer overflows, etc.), so keeping it updated is crucial.
- Programs using `libtiff` should validate input files to prevent exploits.

Would you like details on how to use the library in code (C/C++/Python) or specific features?


Triggering Condition Analysis:
Based on the provided vulnerability details and source code analysis, here are the triggering conditions for the denial-of-service vulnerability in `ChopUpSingleUncompressedStrip`:

### Triggering Conditions (Tuples)
1. **Path 1 (Conjunct 0):**
   - `< bytecount != 0, tif_dirread.c:5923, 0, 0 >`
   - `< td->td_planarconfig == PLANARCONFIG_CONTIG, tif_dirread.c:5926, 1, 0 >`
   - `< rowblockbytes > 0, tif_dirread.c:5947, 2, 0 >`
   - `< rowsperstrip < td->td_rowsperstrip, tif_dirread.c:5952, 3, 0 >`
   - `< nstrips64 != 0, tif_dirread.c:5955, 4, 0 >`
   - `< nstrips64 <= 0xFFFFFFFF, tif_dirread.c:5955, 4, 0 >`

2. **Path 2 (Conjunct 1):**
   - `< tif->tif_mode == O_RDONLY, tif_dirread.c:5923, 0, 1 >`
   - `< td->td_planarconfig == PLANARCONFIG_CONTIG, tif_dirread.c:5926, 1, 1 >`
   - `< rowblockbytes > 0, tif_dirread.c:5947, 2, 1 >`
   - `< rowsperstrip < td->td_rowsperstrip, tif_dirread.c:5952, 3, 1 >`
   - `< nstrips64 != 0, tif_dirread.c:5955, 4, 1 >`
   - `< nstrips64 <= 0xFFFFFFFF, tif_dirread.c:5955, 4, 1 >`

### Explanation
1. **Condition Decomposition:**
   - **Line 5923:** Early return is avoided if either `bytecount != 0` (Path 1) or `tif->tif_mode == O_RDONLY` (Path 2). These are OR conditions, hence separate conjuncts (0 and 1).
   - **Line 5926:** Assertion requires `td->td_planarconfig == PLANARCONFIG_CONTIG` for both paths.
   - **Line 5947:** `rowblockbytes > 0` must hold to prevent early return.
   - **Line 5952:** `rowsperstrip < td->td_rowsperstrip` must be true to continue.
   - **Line 5955:** Composite condition `(nstrips64 != 0) AND (nstrips64 <= 0xFFFFFFFF)` is decomposed into two atomic conditions per conjunct (both must hold for each path).

2. **Vulnerability Trigger:**
   - After satisfying the above conditions, `allocChoppedUpStripArrays` is called at **line 5969**.
   - The attacker-controlled `td_imagelength` (via `bytecount`) forces `nstrips` to be extremely large (but ≤ `0xFFFFFFFF`), causing excessive memory allocation and OOM crash.

### Notes
- **Attack Payload:** The value of `td_imagelength` must be crafted to make `nstrips` large enough to exhaust system memory (not explicitly checked in the conditions).
- **Patch Impact:** The patch adds a file-size check (`#ifdef MAGMA_ENABLE_FIXES`) to prevent this allocation when `nstrips > 1000000` and file size is inconsistent.