About the Program:
`libpng` is a widely-used open-source library for reading and writing Portable Network Graphics (PNG) image files. It provides a robust and efficient way to handle PNG images in software applications. Below is an overview of its purpose, features, and input format:

### Purpose of `libpng`
The primary purpose of `libpng` is to provide a standardized and reliable way to:
1. **Decode PNG images**: Convert PNG files into a format that can be used by applications (e.g., pixel data).
2. **Encode PNG images**: Convert raw image data into PNG files.
3. **Support PNG features**: Handle PNG-specific features such as transparency, interlacing, gamma correction, and color management.
4. **Cross-platform compatibility**: Work on various operating systems and architectures.

### Key Features of `libpng`
- **Lossless compression**: PNG is a lossless image format, and `libpng` ensures that images are compressed without losing quality.
- **Support for various color types**: RGB, RGBA, grayscale, and palette-based images.
- **Alpha channel support**: Transparency in images.
- **Interlacing**: Progressive rendering of images.
- **Gamma correction**: Ensures consistent color representation across different displays.
- **Text and metadata support**: Stores textual information (e.g., author, description) within the image file.
- **Error handling**: Robust error detection and reporting.

### Input Format
`libpng` works with PNG files, which have a specific structure. A PNG file consists of:
1. **PNG Signature**: An 8-byte header that identifies the file as a PNG image.
2. **Chunks**: The file is divided into chunks, each with a specific purpose. Key chunks include:
   - **IHDR**: Contains image dimensions, color type, compression method, etc.
   - **IDAT**: Contains the compressed image data.
   - **IEND**: Marks the end of the file.
   - Optional chunks like `tEXt` (textual data), `gAMA` (gamma information), and `PLTE` (palette data).

### How `libpng` Works
1. **Initialization**: The library is initialized, and a PNG structure is created.
2. **Reading a PNG file**:
   - Open the file and read the PNG signature.
   - Parse the chunks to extract image metadata and pixel data.
   - Decompress the image data and convert it into a usable format (e.g., RGB or RGBA).
3. **Writing a PNG file**:
   - Prepare raw image data (e.g., pixel arrays).
   - Compress the data and organize it into PNG chunks.
   - Write the chunks to a file with the appropriate PNG signature.

### Example Use Case
A typical use case for `libpng` is in image processing applications, where it is used to load, manipulate, and save PNG images. For example:
- Loading a PNG image for editing in a graphics program.
- Saving screenshots or rendered images in PNG format.
- Extracting metadata or textual information from PNG files.

### Security Considerations
`libpng` has been the target of security vulnerabilities in the past, particularly due to its complexity and the intricacies of the PNG format. Developers using `libpng` should:
- Always use the latest version to benefit from security patches.
- Validate input files to prevent maliciously crafted PNG files from exploiting vulnerabilities.
- Handle errors and edge cases properly to avoid crashes or undefined behavior.

In summary, `libpng` is a critical library for working with PNG images, offering a comprehensive set of features for reading, writing, and manipulating PNG files. Its flexibility and widespread adoption make it a cornerstone of many image-related applications.


Triggering Condition Analysis:
To analyze the triggering condition for the buffer overflow vulnerability in `png_set_PLTE`, we focus on the relationship between the IHDR chunk's `bit_depth` and the number of palette entries (`num`) derived from the PLTE chunk. The critical missing check in the provided code is validation of `num` against the maximum allowed palette entries based on `bit_depth`.

### Triggering Condition:
The vulnerability triggers when the following condition holds:
```c
num > (1 << png_ptr->bit_depth)
```
Where:
- `num` is calculated as `(int)length / 3` (number of palette entries).
- `png_ptr->bit_depth` is the bit-depth value from the IHDR chunk.

### Analysis:
1. **IHDR Bit-Depth Constraints**:
   - The PNG specification requires that the number of palette entries (PLTE) must not exceed `2^bit_depth` (e.g., `bit_depth=1` → max 2 entries, `bit_depth=8` → max 256 entries).

2. **Code Gap**:
   - The code validates the PLTE chunk length (`length > 3*PNG_MAX_PALETTE_LENGTH` → error) but **does not validate `num` against `bit_depth`**.
   - Even with a valid PLTE length (≤768 bytes), an attacker can craft a PLTE chunk with `num` entries exceeding `2^bit_depth`, violating the specification.

3. **Downstream Impact**:
   - `png_set_PLTE` copies `num` entries into internal buffers sized based on `bit_depth`. If `num > (1 << bit_depth)`, this causes a buffer overflow.

### Example:
If `bit_depth=2` (max 4 palette entries) but the PLTE chunk contains `num=16` entries (length=48), the code allows it (since `48 ≤ 768` and divisible by 3), but `16 > (1 << 2)` → overflow occurs.

### Request for Additional Code:
To confirm the exact overflow location, we need to see how `png_set_PLTE` uses `num` and `bit_depth`. Please provide the code for:
```c
png_set_PLTE(png_ptr, info_ptr, palette, num);
```
This will help verify if `num` is directly used without a `bit_depth` check in downstream buffers.