About the Program:
### **libpng: Overview, Purpose, and Input Format**

#### **1. Purpose of libpng**
**libpng** is the official **Portable Network Graphics (PNG) reference library**, used for reading, writing, and manipulating PNG image files. It provides a robust, platform-independent API for handling PNG files in software applications.

Key features:
- Supports **lossless compression** (PNG is a lossless format).
- Handles **alpha transparency**, **gamma correction**, and **color profiles**.
- Supports **interlacing** (Adam7 algorithm) for progressive rendering.
- Can read and write **metadata (text chunks)** like author, copyright, etc.
- Used by many applications (web browsers, image editors, games, etc.).

#### **2. Input Format (PNG File Structure)**
PNG files consist of a **signature** followed by a series of **chunks**:

- **Signature**:  
  The first 8 bytes identify the file as a PNG (`\x89PNG\r\n\x1a\n`).

- **Chunks**:  
  Each chunk has:
  - **Length** (4 bytes, big-endian)
  - **Type** (4 bytes, ASCII, e.g., `IHDR`, `IDAT`, `IEND`)
  - **Data** (variable length)
  - **CRC** (4 bytes, checksum)

**Critical Chunks**:
1. **`IHDR`** (Image Header) – Contains:
   - Width & height (4 bytes each)
   - Bit depth (1 byte, e.g., 8, 16)
   - Color type (1 byte, e.g., grayscale, RGB, RGBA)
   - Compression method (always 0 for DEFLATE)
   - Filter method (always 0 for adaptive filtering)
   - Interlace method (0 = none, 1 = Adam7)

2. **`PLTE`** (Palette) – Required for indexed-color PNGs.

3. **`IDAT`** (Image Data) – Contains compressed pixel data (using zlib/DEFLATE).

4. **`IEND`** (Image End) – Marks the end of the file.

**Ancillary Chunks** (optional):
- `tEXt`, `iTXt`, `zTXt` (text metadata)
- `gAMA` (gamma correction)
- `tRNS` (transparency)
- `cHRM` (chromaticity)
- `pHYs` (pixel dimensions)

#### **3. How libpng Processes Input**
When reading a PNG file, libpng:
1. **Checks the PNG signature**.
2. **Parses chunks sequentially**:
   - Validates CRC checksums.
   - Processes critical chunks (`IHDR`, `PLTE`, `IDAT`, `IEND`).
   - Handles ancillary chunks if requested.
3. **Decompresses `IDAT` chunks** (using zlib).
4. **Applies filtering** (each scanline uses a filter type: None, Sub, Up, Average, Paeth).
5. **Provides pixel data** to the application in a usable format (e.g., RGB, RGBA).

#### **4. Example Usage (C Code)**
```c
#include <png.h>

void read_png(const char *filename) {
    FILE *fp = fopen(filename, "rb");
    png_structp png = png_create_read_struct(PNG_LIBPNG_VER_STRING, NULL, NULL, NULL);
    png_infop info = png_create_info_struct(png);
    png_init_io(png, fp);
    png_read_info(png, info);

    int width = png_get_image_width(png, info);
    int height = png_get_image_height(png, info);
    png_byte color_type = png_get_color_type(png, info);
    png_byte bit_depth = png_get_bit_depth(png, info);

    // Read the image data
    png_read_image(png, row_pointers);
    fclose(fp);
    png_destroy_read_struct(&png, &info, NULL);
}
```

#### **5. Security Considerations**
- libpng has had **historical vulnerabilities** (e.g., buffer overflows, integer overflows).
- Always use the **latest version** to avoid known exploits.
- Validate PNG files before processing (e.g., check dimensions, chunk sizes).

#### **6. Alternatives**
- For simple use cases: `stb_image.h` (single-header library).
- For other formats: `libjpeg` (JPEG), `libtiff` (TIFF).

Would you like more details on a specific aspect (e.g., compression, filtering)?


Triggering Condition Analysis:
Based on the analysis of the vulnerability and the provided information, the triggering conditions for the divide-by-zero vulnerability in libpng are as follows:

### Step-by-Step Triggering Conditions:
1. **IDAT Chunk Check**  
   The vulnerability only occurs when processing an IDAT chunk.  
   `<chunk_name == png_IDAT, line 3171, 0, 0>`  
   `<chunk_name == png_IDAT, line 3171, 0, 1>`

2. **Interlacing State Check**  
   The interlaced flag determines the additive term in `row_factor_l`'s computation.  
   - **Non-interlaced case**:  
     `<interlaced == 0, line 3179, 1, 0>`  
   - **Interlaced case**:  
     `<interlaced == 1, line 3179, 1, 1>`

3. **32-bit Truncation Condition**  
   The product `(width * channels * factor)` must overflow to a specific 32-bit residue when cast to `png_uint_32`:  
   - **Non-interlaced case**:  
     `<((size_t)width * (size_t)channels * factor) % 0x100000000 == 0xFFFFFFFF, line 3174, 2, 0>`  
   - **Interlaced case**:  
     `<((size_t)width * (size_t)channels * factor) % 0x100000000 == 0xFFFFFFF9, line 3174, 2, 1>`  

   Where `factor = (bit_depth > 8) ? 2 : 1`.

### Final Triggering Conditions in Tuple Form:
```
<chunk_name == png_IDAT, line 3171, 0, 0>
<interlaced == 0, line 3179, 1, 0>
<((size_t)width * (size_t)channels * factor) % 0x100000000 == 0xFFFFFFFF, line 3174, 2, 0>
<chunk_name == png_IDAT, line 3171, 0, 1>
<interlaced == 1, line 3179, 1, 1>
<((size_t)width * (size_t)channels * factor) % 0x100000000 == 0xFFFFFFF9, line 3174, 2, 1>
```

### Explanation:
1. **Condition Groups**  
   - **Group 0 (Non-interlaced)**: `conj=0`  
   - **Group 1 (Interlaced)**: `conj=1`  
   Each group represents a distinct scenario that triggers the vulnerability.

2. **Execution Order**  
   - `seq=0`: IDAT check (line 3171)  
   - `seq=1`: Interlaced state check (line 3179)  
   - `seq=2`: 32-bit residue check (line 3174)  

3. **Key Vulnerability Mechanism**  
   The cast `(png_uint_32)row_factor_l` at line 3181 truncates `row_factor_l` to 32 bits. When the truncated value is `0`, the division `PNG_UINT_32_MAX/row_factor` at line 3182 causes a divide-by-zero crash. This occurs when:  
   - `row_factor_l ≡ 0 mod 2^32` (non-interlaced: `base + 1 ≡ 0 mod 2^32` → `base ≡ 0xFFFFFFFF`)  
   - `row_factor_l ≡ 0 mod 2^32` (interlaced: `base + 7 ≡ 0 mod 2^32` → `base ≡ 0xFFFFFFF9`)  
   where `base = width * channels * factor`.

No additional function definitions are required for this analysis.