About the Program:
**libxml2** is a widely used open-source software library for parsing, manipulating, and generating **XML** and **HTML** documents. It is written in **C** and provides APIs for various programming languages, including Python, Ruby, and PHP. Below are key details about its purpose and input formats:

### **Purpose of libxml2**
1. **XML Parsing & Validation**  
   - Supports **SAX (Simple API for XML)** and **DOM (Document Object Model)** parsing.
   - Validates XML against **DTD (Document Type Definition)** and **XML Schema (XSD)**.

2. **XPath & XInclude Support**  
   - Allows querying XML documents using **XPath** expressions.
   - Supports **XInclude** for modular XML document inclusion.

3. **HTML Parsing & Handling**  
   - Can parse and process **HTML** (even malformed markup) via its **HTML4 parser**.

4. **XML Generation & Serialization**  
   - Enables programmatic creation and modification of XML/HTML.
   - Outputs documents in various formats (e.g., plain XML, HTML, or compact formats).

5. **XSLT Transformation**  
   - Supports **XSLT 1.0** for transforming XML documents using stylesheets.

### **Input Formats Supported**
1. **XML** (Well-formed or DTD/Schema-validated)  
   - Standard XML files (e.g., `.xml`).
   - Supports namespaces, entities, and CDATA sections.

2. **HTML** (Including "Tag Soup" Parsing)  
   - Handles both strict HTML and broken markup (via its tolerant parser).

3. **In-Memory Buffers**  
   - Can parse XML/HTML from strings or memory buffers.

4. **Network Streams**  
   - Can fetch and parse documents directly from URLs (with proper configuration).

5. **Compressed Inputs**  
   - Supports reading **gzip-compressed** XML/HTML files (if zlib is available).

### **Security Considerations**
- libxml2 is often targeted for exploits (e.g., **XXE attacks**—XML External Entity processing).  
- Safe usage requires disabling dangerous features like:  
  ```c
  xmlParserCtxtPtr ctxt = xmlNewParserCtxt();
  xmlCtxtSetOptions(ctxt, XML_PARSE_NOENT | XML_PARSE_DTDLOAD); // UNSAFE!
  ```
  Instead, use restrictive parsing:  
  ```c
  xmlCtxtSetOptions(ctxt, XML_PARSE_NOENT | XML_PARSE_DTDLOAD | XML_PARSE_NONET | XML_PARSE_NOXXE);
  ```

### **Example Usage (Python via `lxml`)**
```python
from lxml import etree

# Parse XML from a file
tree = etree.parse("example.xml")

# XPath query
results = tree.xpath("//book/title/text()")

# Modify and serialize
root = tree.getroot()
root.append(etree.Element("new_element"))
print(etree.tostring(root))
```

### **Where is libxml2 Used?**
- **Linux/Unix systems** (many tools depend on it).  
- **Programming language bindings** (e.g., Python’s `lxml`, Ruby’s `Nokogiri`).  
- **Web browsers & tools** (e.g., WebKit, GNOME applications).  

Would you like details on a specific feature or vulnerability?


Triggering Condition Analysis:
Based on the vulnerability details, patch, and source code analysis, the heap-buffer-overflow vulnerability in `xmlParseEndTag2` at parser.c:9683 is triggered under the following conditions:

### Step-by-Step Triggering Conditions:
1. **Conditional Statement 1 (parser.c:9682)**  
   - **Atomic Conditions**:  
     - `tlen > 0`  
       (Conjunct ID: `0`)  
     - `xmlStrncmp(ctxt->input->cur, ctxt->name, tlen) == 0`  
       (Conjunct ID: `0`)  
   - **Location**: `parser.c:9682`  
   - **Execution Order**: `0` (first condition group)  
   - **Description**: The parser must successfully match the tag name (`ctxt->name`) against the input buffer for `tlen` bytes. This requires `tlen` to be positive and the input buffer to contain at least `tlen` bytes (ensuring `xmlStrncmp` doesn't crash prematurely).

2. **Conditional Statement 2 (parser.c:9683)**  
   - **Atomic Condition**:  
     - `(ctxt->input->end - ctxt->input->cur) == tlen`  
       (Conjunct ID: `0`)  
   - **Location**: `parser.c:9683`  
   - **Execution Order**: `1` (second condition group, after the first group is satisfied)  
   - **Description**: The available buffer size (`curLength = ctxt->input->end - ctxt->input->cur`) must equal `tlen`. This means the input buffer has exactly `tlen` bytes remaining (no extra bytes after the tag name), causing the subsequent access to `ctxt->input->cur[tlen]` to read out-of-bounds.

### Final Triggering Conditions (Tuples):
The vulnerability triggers when **all conditions below are satisfied simultaneously** (same conjunct `0`). The execution order ensures the parser first matches the tag name (group `0`) and then encounters an exactly-sized buffer (group `1`):

| Condition | Location | Sequence | Conjunct |
|-----------|----------|----------|----------|
| `tlen > 0` | `parser.c:9682` | `0` | `0` |
| `xmlStrncmp(ctxt->input->cur, ctxt->name, tlen) == 0` | `parser.c:9682` | `0` | `0` |
| `(ctxt->input->end - ctxt->input->cur) == tlen` | `parser.c:9683` | `1` | `0` |

### Explanation:
- The parser enters the vulnerable branch at `parser.c:9682` when the tag name matches (`tlen > 0` and string comparison succeeds).  
- At `parser.c:9683`, it attempts to check if the next character is `>` (indicating the end of the tag). However, if the input buffer ends exactly after `tlen` bytes (`curLength == tlen`), reading `ctxt->input->cur[tlen]` accesses memory beyond the buffer, causing a heap overflow.  
- The patch fixes this by adding a buffer length check (`curLength >= (size_t)tlen`) before the string comparison, preventing out-of-bounds access.