About the Program:
**libtiff** is a widely used open-source library for reading, writing, and manipulating **TIFF (Tagged Image File Format)** files. Below are key details about its purpose and supported input formats:

### **Purpose of libtiff**
- Provides support for the **TIFF** image format, which is a flexible, high-quality raster graphics format.
- Supports a variety of compression schemes (LZW, Deflate, JPEG, CCITT, etc.).
- Handles different color spaces (grayscale, RGB, CMYK, etc.) and bit depths.
- Enables manipulation of multi-page TIFF files and tiled/striped storage.
- Used in applications like image viewers, editors (GIMP, Photoshop), and document scanners.

### **Input Formats Supported**
1. **Primary Format**: TIFF (.tif, .tiff)  
   - Supports baseline TIFF (v6.0) and extensions (BigTIFF for >4GB files).
   - Handles metadata (EXIF, IPTC, XMP) and geospatial tags (GeoTIFF).
  
2. **Other Supported Inputs** (via conversion or plugins):
   - Some versions support limited **non-TIFF formats** (e.g., raw raster data) when manually configured.
   - Integrations (e.g., with ImageMagick or GDAL) may allow indirect handling of JPEG, PNG, etc., but libtiff itself focuses on TIFF.

### **Key Features**
- **Cross-platform**: Works on Linux, Windows, macOS.
- **API**: Offers C/C++ APIs for programmatic access.
- **Extensibility**: Users can add custom tags and compression methods.
- **Security**: Historically, libtiff has had vulnerabilities (e.g., buffer overflows), so keeping it updated is critical.

### **Example Use Case**
```c
#include <tiffio.h>
int main() {
    TIFF* tif = TIFFOpen("image.tif", "r");
    if (tif) {
        uint32 width, height;
        TIFFGetField(tif, TIFFTAG_IMAGEWIDTH, &width);
        TIFFGetField(tif, TIFFTAG_IMAGELENGTH, &height);
        printf("Image size: %ux%u\n", width, height);
        TIFFClose(tif);
    }
    return 0;
}
```

### **Security Notes**
- libtiff has been prone to **memory corruption bugs** in older versions. Always use the latest version from the [official repository](http://www.simplesystems.org/libtiff/).

Would you like details on specific functions or vulnerabilities?


Triggering Condition Analysis:
Based on the provided information and instructions, here is the step-by-step analysis of the vulnerability triggering conditions:

### Step 1: Identify Conditional Statements and Locations
The vulnerability is triggered by a null-pointer-dereference at `tif_dirwrite.c:2102:8`. The relevant conditional statements are:

1. `n == 3` at line 2095
2. `!_TIFFmemcmp(...)` at line 2097
3. `n == 2` at line 2100
4. `!_TIFFmemcmp(...)` at line 2102

### Step 2: Assign Execution Order
These conditions must be evaluated in the following sequence:

1. **Sequence 0**: Conditions at lines 2085-2094 (variable setup)
2. **Sequence 1**: Conditions at lines 2095-2099 (`n == 3` block)
3. **Sequence 2**: Conditions at lines 2100-2104 (`n == 2` block)

### Step 3: Decompose Complex Conditions
The compound condition triggering the vulnerability is decomposed into atomic conditions:

**Conjunct Group 0** (Scenario 1a: `n_initial=2` and `transferfunction[0]=NULL`):
- `(td_samplesperpixel - td_extrasamples) == 2` (line 2086)
- `td_transferfunction[0] == NULL` (line 2102)

**Conjunct Group 1** (Scenario 1b: `n_initial=2` and `transferfunction[1]=NULL`):
- `(td_samplesperpixel - td_extrasamples) == 2` (line 2086)
- `td_transferfunction[1] == NULL` (line 2102)

**Conjunct Group 2** (Scenario 2: `n_initial=3` with valid transfer functions and `transferfunction[1]=NULL`):
- `(td_samplesperpixel - td_extrasamples) == 3` (line 2086)
- `td_transferfunction[0] != NULL` (line 2097)
- `td_transferfunction[2] != NULL` (line 2097)
- `_TIFFmemcmp(...) == 0` (line 2097)
- `td_transferfunction[1] == NULL` (line 2102)

### Step 4: Output Triggering Conditions
The final triggering conditions in tuple format `<cond, loc, seq, conj>`:

```
< "(tif->tif_dir.td_samplesperpixel - tif->tif_dir.td_extrasamples) == 2", "tif_dirwrite.c:2086", 0, 0 >
< "tif->tif_dir.td_transferfunction[0] == NULL", "tif_dirwrite.c:2102", 2, 0 >

< "(tif->tif_dir.td_samplesperpixel - tif->tif_dir.td_extrasamples) == 2", "tif_dirwrite.c:2086", 0, 1 >
< "tif->tif_dir.td_transferfunction[1] == NULL", "tif_dirwrite.c:2102", 2, 1 >

< "(tif->tif_dir.td_samplesperpixel - tif->tif_dir.td_extrasamples) == 3", "tif_dirwrite.c:2086", 0, 2 >
< "tif->tif_dir.td_transferfunction[0] != NULL", "tif_dirwrite.c:2097", 1, 2 >
< "tif->tif_dir.td_transferfunction[2] != NULL", "tif_dirwrite.c:2097", 1, 2 >
< "_TIFFmemcmp(tif->tif_dir.td_transferfunction[0], tif->tif_dir.td_transferfunction[2], m*sizeof(uint16)) == 0", "tif_dirwrite.c:2097", 1, 2 >
< "tif->tif_dir.td_transferfunction[1] == NULL", "tif_dirwrite.c:2102", 2, 2 >
```

### Explanation
- The vulnerability triggers when either:
  1. `n_initial=2` and `transferfunction[0]` or `transferfunction[1]` is NULL (Groups 0 and 1)
  2. `n_initial=3` with valid `transferfunction[0]`/`[2]` that compare equal, but `transferfunction[1]` is NULL (Group 2)
- The patch adds NULL checks before `_TIFFmemcmp` to prevent these conditions
- Sequence numbers reflect the order of condition evaluation
- Conjunct groups represent distinct triggering scenarios

Note: The analysis assumes standard behavior of `_TIFFmemcmp` as its implementation isn't provided.