About the Program:
`libpng` is a widely used open-source library for reading and writing PNG (Portable Network Graphics) image files. It provides a robust and efficient API for handling PNG images, which are a popular format for lossless image compression. Below is an overview of its purpose, input format, and key features:

### Purpose of `libpng`
- **PNG Image Handling**: `libpng` is designed to decode and encode PNG files, allowing developers to integrate PNG support into their applications.
- **Lossless Compression**: PNG is a lossless image format, meaning it retains all image data without quality loss, making it suitable for graphics, screenshots, and images requiring high fidelity.
- **Cross-Platform**: `libpng` is portable and works on various operating systems, including Windows, macOS, Linux, and others.
- **Extensibility**: It supports advanced PNG features such as alpha transparency, gamma correction, and color management.

### Input Format
- **PNG Files**: The primary input format for `libpng` is PNG files, which consist of a series of chunks containing metadata and compressed image data.
- **Raw Image Data**: Developers can also provide raw pixel data (e.g., RGB or RGBA values) to `libpng` for encoding into a PNG file.

### Key Features
1. **Decoding**:
   - Reads PNG files and extracts image data, including pixel values, color profiles, and metadata.
   - Supports various color types (e.g., grayscale, RGB, RGBA) and bit depths (e.g., 8-bit, 16-bit).
2. **Encoding**:
   - Converts raw image data into a PNG file, optionally applying compression and adding metadata.
3. **Error Handling**:
   - Provides detailed error reporting for debugging and handling corrupt or invalid PNG files.
4. **Customization**:
   - Allows developers to control aspects like compression level, interlacing, and chunk handling.

### Usage
`libpng` is typically used in conjunction with `zlib`, a compression library, as PNG files use the DEFLATE compression algorithm. Developers integrate `libpng` into their applications by linking the library and using its API to read or write PNG files.

### Example Use Case
A developer might use `libpng` to:
- Load a PNG image from disk, decode it, and display it in a graphical application.
- Save a rendered image as a PNG file with transparency and metadata.

If you'd like more detailed information about `libpng`, such as its API functions or specific use cases, feel free to ask!


Root Cause Analysis:
Thank you for providing the bug report and the partial source code. Based on the information provided, I will analyze the root cause of the vulnerability. If I need additional code or context, I will explicitly request it.

---

### Analysis of the Vulnerability

#### Context
1. **Program Purpose**: `libpng` is used to process PNG files, which are structured as a series of chunks. The `png_check_chunk_length` function is responsible for validating the length of these chunks, particularly the `IDAT` chunk, which contains compressed image data.
2. **Vulnerability Description**: The bug report mentions a wrong calculation of `row_factor` in the `png_check_chunk_length` function, which can lead to an integer overflow and a subsequent divide-by-zero, causing a denial of service.

#### Code Analysis
The provided code snippet shows the calculation of `row_factor` and a check to determine if the `IDAT` chunk length is valid. Here's the relevant part of the code:

```c
size_t row_factor =
   (size_t)png_ptr->width
   * (size_t)png_ptr->channels
   * (png_ptr->bit_depth > 8? 2: 1)
   + 1
   + (png_ptr->interlaced? 6: 0);
```

##### Key Points:
1. **`row_factor` Calculation**:
   - `row_factor` is calculated based on the image's width, number of channels, bit depth, and interlacing status.
   - The formula is:
     ```
     row_factor = width * channels * (bit_depth > 8 ? 2 : 1) + 1 + (interlaced ? 6 : 0)
     ```
   - This calculation determines the size of a single row of uncompressed image data.

2. **Potential Integer Overflow**:
   - The multiplication `width * channels * (bit_depth > 8 ? 2 : 1)` can result in a very large value if `width`, `channels`, or `bit_depth` are sufficiently large.
   - If this multiplication overflows, `row_factor` will wrap around to a small value, potentially leading to incorrect calculations downstream.

3. **Divide-by-Zero**:
   - The bug report mentions a divide-by-zero issue. This likely occurs when `row_factor` becomes zero due to the overflow, and the value is later used as a divisor in another part of the code (not shown in the provided snippet).

##### Root Cause
The root cause of the vulnerability is the lack of proper bounds checking in the calculation of `row_factor`. Specifically:
- The multiplication `width * channels * (bit_depth > 8 ? 2 : 1)` can overflow if the input values are large, causing `row_factor` to wrap around to a small or zero value.
- This incorrect `row_factor` value is then used in subsequent calculations, leading to a divide-by-zero or other undefined behavior.

---

### Request for Additional Code
To confirm the exact location and mechanism of the divide-by-zero, I would like to see the code that uses the `row_factor` value after its calculation. Specifically, I am interested in the part of the code where `row_factor` is used as a divisor or in a comparison. Could you provide the code snippet that follows the calculation of `row_factor`?

---

### Summary
The vulnerability arises from an integer overflow in the calculation of `row_factor`, which can result in a divide-by-zero or other undefined behavior. The lack of bounds checking in the multiplication operation is the root cause. To fully confirm the downstream impact, I would need to see the code that uses `row_factor` after its calculation.

Let me know if you can provide the additional code!


Triggering Conditions:
