About the Program:
**libtiff** is a widely used open-source library for reading, writing, and manipulating **TIFF (Tagged Image File Format)** files. Here's a breakdown of its purpose and input format:

### **Purpose of libtiff**
1. **TIFF File Handling**:  
   - Reads, writes, and modifies TIFF files, a flexible raster image format.
   - Supports various compression schemes (LZW, Deflate, JPEG, CCITT, etc.).
   - Handles different color spaces (grayscale, RGB, CMYK, etc.) and bit depths.

2. **Metadata Management**:  
   - TIFF files store extensive metadata (tags) describing image properties.
   - libtiff allows reading and editing these tags programmatically.

3. **Multi-Page & Multi-Image Support**:  
   - Supports multi-page TIFFs (e.g., documents, faxes).
   - Can extract or append pages within a single file.

4. **Platform Independence**:  
   - Works across Linux, Windows, macOS, and embedded systems.
   - Used by many applications (e.g., GIMP, ImageMagick, GIS tools).

---

### **Input Formats Supported**
libtiff primarily processes **TIFF files** (`.tif`, `.tiff`), but it also supports:
- **Classic TIFF**: Baseline TIFF 6.0 (most common).
- **BigTIFF**: Extension for files >4GB (uses 64-bit offsets).
- **Custom Formats**: Via TIFF tags, users can define proprietary metadata.

**Key Features of TIFF Files:**
- **Pixel Data**:  
  - Supports 1-bit (bilevel), 8-bit, 16-bit, 32-bit, and floating-point data.
  - Planar or interleaved storage (e.g., separate R/G/B channels or packed pixels).
- **Compression**:  
  - Lossless (LZW, ZIP/Deflate, PackBits) or lossy (JPEG).
  - Specialized methods for fax (CCITT Group 3/4).
- **Geometric Flexibility**:  
  - Tiles or strips for efficient partial reads/writes.
  - Arbitrary resolution (DPI) and orientation.

---

### **Example Use Cases**
1. **Document Scanning**:  
   Multi-page TIFFs for archiving scanned documents.
2. **Remote Sensing & GIS**:  
   GeoTIFF (TIFF + geographic metadata) for maps/satellite imagery.
3. **Scientific Imaging**:  
   High-bit-depth TIFFs for microscopy/astronomy data.
4. **Printing/Photography**:  
   High-quality raster images with ICC color profiles.

---

### **Security Considerations**
- libtiff has had **historical vulnerabilities** (e.g., buffer overflows in older versions). Always use the latest version.
- Complex TIFF features (e.g., custom tags, compression) can be exploited in malicious files.

Would you like details on specific functions (e.g., `TIFFOpen()`, `TIFFReadDirectory()`)?


Triggering Condition Analysis:
Based on the provided vulnerability information, patch, and source code, the heap-buffer-overflow vulnerability in `ChopUpSingleUncompressedStrip` (tif_dirread.c:5961) is triggered under specific conditions. Below is the step-by-step analysis of the triggering conditions:

### Step 1: Identify Conditional Statements and Locations
The vulnerability is reached through a series of conditional checks in `ChopUpSingleUncompressedStrip`. The relevant conditions and their code locations are:

1. **Condition at [tif_dirread.c:5923]**:  
   Avoid returning if `bytecount` is zero and the file is not in read-only mode.  
   Equivalent to: `bytecount != 0 || tif->tif_mode == O_RDONLY`

2. **Condition at [tif_dirread.c:5947]**:  
   Ensure `rowblockbytes` is positive to proceed.  
   Condition: `rowblockbytes > 0`

3. **Condition at [tif_dirread.c:5952]**:  
   Ensure the new `rowsperstrip` is smaller than the existing `td->td_rowsperstrip`.  
   Condition: `rowsperstrip < td->td_rowsperstrip`

4. **Condition at [tif_dirread.c:5956]**:  
   Ensure `nstrips64` is valid (non-zero and ≤ `0xFFFFFFFF`).  
   Complex condition: `(nstrips64 != 0) && (nstrips64 <= 0xFFFFFFFF)`

### Step 2: Assign Execution Order
The conditions must be satisfied in the following order during execution:

| **Condition Group** | **Code Location** | **Execution Order** |
|---------------------|-------------------|---------------------|
| `bytecount != 0 \|\| tif->tif_mode == O_RDONLY` | 5923 | 1 |
| `rowblockbytes > 0` | 5947 | 2 |
| `rowsperstrip < td->td_rowsperstrip` | 5952 | 3 |
| `(nstrips64 != 0) && (nstrips64 <= 0xFFFFFFFF)` | 5956 | 4 |

### Step 3: Decompose Complex Conditions
The condition at [tif_dirread.c:5956] is a logical AND. It is decomposed into atomic sub-conditions with conjunct identifiers:

| **Atomic Condition** | **Conjunct ID** |
|----------------------|----------------|
| `nstrips64 != 0` | 0 |
| `nstrips64 <= 0xFFFFFFFF` | 1 |

### Step 4: Output Triggering Conditions as Tuples
The final triggering conditions are represented as tuples `<cond, loc, seq, conj>`:

```plaintext
<bytecount != 0, tif_dirread.c:5923, 1, 0>
<tif->tif_mode == O_RDONLY, tif_dirread.c:5923, 1, 1>
<rowblockbytes > 0, tif_dirread.c:5947, 2, 0>
<rowsperstrip < td->td_rowsperstrip, tif_dirread.c:5952, 3, 0>
<nstrips64 != 0, tif_dirread.c:5956, 4, 0>
<nstrips64 <= 0xFFFFFFFF, tif_dirread.c:5956, 4, 1>
```

### Summary
The vulnerability is triggered when:
1. The strip has non-zero `bytecount` **or** the file is opened in read-only mode.
2. `rowblockbytes` is positive (ensures valid tile size).
3. The new `rowsperstrip` is smaller than the existing value.
4. `nstrips64` is a valid 32-bit integer (1–4,294,967,295).

These conditions collectively lead to the call to `allocChoppedUpStripArrays` at line 5961, where a heap buffer overflow occurs due to improper offset handling in unpatched code.