About the Program:
**libxml2** is a widely used open-source software library for parsing, manipulating, and generating **XML (eXtensible Markup Language)** and **HTML** documents. It is written in **C** and provides APIs for various programming languages, including Python, Ruby, and Perl.

### **Purpose of libxml2**
1. **XML Parsing** – Supports **SAX (Simple API for XML)** and **DOM (Document Object Model)** parsing models.
2. **XML Validation** – Can validate documents against **DTD (Document Type Definition)** and **XML Schema (XSD)**.
3. **XPath & XSLT Support** – Allows querying XML documents using **XPath** and transforming them using **XSLT**.
4. **HTML Parsing** – Can parse and process (even malformed) HTML documents.
5. **Memory Efficiency** – Designed to handle large XML files efficiently.
6. **Cross-Platform** – Works on Linux, Windows, macOS, and embedded systems.

### **Input Formats Supported**
1. **XML** – Standard XML files (e.g., `.xml`).
2. **HTML** – Supports parsing HTML (including broken HTML).
3. **XHTML** – A stricter, XML-compliant version of HTML.
4. **DTD & XML Schema** – For validation.
5. **In-Memory Buffers** – Can parse XML/HTML from strings or memory buffers.
6. **Network Streams** – Can fetch and parse documents directly from URLs (with `libcurl` integration).

### **Common Use Cases**
- Web scraping (e.g., parsing HTML in Python with `lxml`, which uses `libxml2`).
- Configuration file processing.
- Data interchange in applications.
- XML-based protocols (e.g., SOAP, RSS, SVG).

### **Security Considerations**
- **Vulnerabilities**: Like any XML parser, `libxml2` has had security issues (e.g., **XXE attacks**—XML External Entity processing).
- **Mitigations**: Disable risky features (e.g., external entities) when parsing untrusted input.

### **Example (Parsing XML in C)**
```c
#include <libxml/parser.h>
#include <libxml/tree.h>

int main() {
    xmlDoc *doc = xmlReadFile("example.xml", NULL, 0);
    if (doc == NULL) {
        printf("Error parsing XML\n");
        return 1;
    }
    xmlNode *root = xmlDocGetRootElement(doc);
    // Process XML nodes...
    xmlFreeDoc(doc);
    xmlCleanupParser();
    return 0;
}
```

### **Related Tools & Bindings**
- **Python**: `lxml` (high-level XML/HTML processing).
- **Ruby**: `Nokogiri` (uses `libxml2` under the hood).
- **Command Line**: `xmllint` (a tool for validating/formatting XML).

Would you like details on a specific feature or binding?


Triggering Condition Analysis:
Based on the provided information, I've analyzed the vulnerability triggering conditions step by step. The heap-buffer-overflow occurs due to missing error handling after `xmlSwitchToEncoding()` fails, allowing parser state corruption.

### Triggering Conditions Analysis:

**Execution Order and Conditions:**
1. **Encoding Declaration Parsing**  
   <CMP8(CUR_PTR, 'e','n','c','o','d','i','n','g') is true, parser.c:10308, 0, 0>  
   *Must start with "encoding"*

2. **Quote Closure Validation** (either branch)  
   <RAW == '"', parser.c:10320, 1, 0>  
   <RAW == '\'', parser.c:10329, 1, 0>  
   *Closing quote must match opening quote after `xmlParseEncName`*

3. **Encoding Ignore Option Check**  
   <(ctxt->options & XML_PARSE_IGNORE_ENC) == 0, parser.c:10342, 2, 0>  
   *Parser must NOT ignore encodings*

4. **Non-UTF-16 Encoding Validation**  
   <xmlStrcasecmp(encoding, BAD_CAST "UTF-16") !=0, parser.c:10351, 3, 0>  
   <xmlStrcasecmp(encoding, BAD_CAST "UTF16") !=0, parser.c:10351, 3, 0>  
   *Encoding must NOT be UTF-16*

5. **Non-UTF-8 Encoding Validation**  
   <xmlStrcasecmp(encoding, BAD_CAST "UTF-8") !=0, parser.c:10373, 4, 0>  
   <xmlStrcasecmp(encoding, BAD_CAST "UTF8") !=0, parser.c:10373, 4, 0>  
   *Encoding must NOT be UTF-8*

6. **Encoding Handler Availability**  
   <handler != NULL, parser.c:10388, 5, 0>  
   *Handler must exist for the encoding*

7. **Encoding Switch Failure**  
   <xmlSwitchToEncoding(ctxt, handler) < 0, parser.c:10389, 6, 0>  
   *Critical: Switching to encoding must fail*

**Conjunct Identifier:**  
All conditions share `conj=0` as they form a single conjunctive set (all must be satisfied).

### Final Triggering Conditions:
```xml
<CMP8(CUR_PTR, 'e','n','c','o','d','i','n','g') is true, parser.c:10308, 0, 0>
<RAW == '"', parser.c:10320, 1, 0>
<RAW == '\'', parser.c:10329, 1, 0>
<(ctxt->options & XML_PARSE_IGNORE_ENC) == 0, parser.c:10342, 2, 0>
<xmlStrcasecmp(encoding, BAD_CAST "UTF-16") !=0, parser.c:10351, 3, 0>
<xmlStrcasecmp(encoding, BAD_CAST "UTF16") !=0, parser.c:10351, 3, 0>
<xmlStrcasecmp(encoding, BAD_CAST "UTF-8") !=0, parser.c:10373, 4, 0>
<xmlStrcasecmp(encoding, BAD_CAST "UTF8") !=0, parser.c:10373, 4, 0>
<handler != NULL, parser.c:10388, 5, 0>
<xmlSwitchToEncoding(ctxt, handler) < 0, parser.c:10389, 6, 0>
```

**Note:** The quote conditions (seq=1) are mutually exclusive - only one needs to be satisfied based on input syntax.

Need the content of function(s): `xmlSwitchToEncoding` to fully validate heap corruption mechanics.