About the Program:
**libxml2** is a widely used open-source software library for parsing, validating, and manipulating **XML (eXtensible Markup Language)** and related formats like **HTML, XHTML, and SVG**. It is written in **C** and provides APIs for various programming languages, including Python, Perl, and Ruby.

### **Purpose of libxml2**
1. **XML Parsing**  
   - Supports **DOM (Document Object Model)** and **SAX (Simple API for XML)** parsing methods.
   - Can handle both **well-formed and validated XML** (against DTDs or XML Schemas).
  
2. **Validation**  
   - Validates XML against **DTD (Document Type Definition)** or **XML Schema (XSD)**.
   - Supports **RelaxNG** schema validation.

3. **XPath & XInclude Support**  
   - Allows querying XML documents using **XPath** expressions.
   - Supports **XInclude** for modular XML documents.

4. **HTML Parsing**  
   - Can parse and process **HTML**, even if malformed (similar to how web browsers handle imperfect HTML).

5. **XSLT Transformation**  
   - Supports **XSLT (eXtensible Stylesheet Language Transformations)** for converting XML into other formats.

6. **Memory Efficiency**  
   - Designed for **high performance** with low memory overhead.

---

### **Input Formats Supported by libxml2**
libxml2 can process the following input formats:
1. **XML** (Standard eXtensible Markup Language)
2. **HTML** (Including broken HTML, like web pages)
3. **XHTML** (Strict HTML following XML rules)
4. **SVG** (Scalable Vector Graphics, an XML-based format)
5. **DTD** (Document Type Definitions for validation)
6. **XML Schemas (XSD)** (For stricter validation than DTD)
7. **RelaxNG** (An alternative schema language for XML)

---

### **Example Usage (in C)**
```c
#include <libxml/parser.h>
#include <libxml/tree.h>

int main() {
    xmlDoc *doc = NULL;
    xmlNode *root = NULL;

    // Parse an XML file
    doc = xmlReadFile("example.xml", NULL, 0);
    if (doc == NULL) {
        printf("Failed to parse XML\n");
        return 1;
    }

    // Get the root element
    root = xmlDocGetRootElement(doc);

    // Process XML (e.g., print node names)
    for (xmlNode *cur = root; cur; cur = cur->next) {
        printf("Node: %s\n", cur->name);
    }

    // Free memory
    xmlFreeDoc(doc);
    xmlCleanupParser();
    return 0;
}
```

---

### **Security Considerations**
- libxml2 has had **security vulnerabilities** in the past (e.g., XXE attacks, memory corruption bugs).  
- Always use the **latest version** and disable dangerous features (like external entity loading) if not needed:
  ```c
  xmlParserCtxtPtr ctxt = xmlNewParserCtxt();
  ctxt->options |= XML_PARSE_NOENT; // Avoid enabling this (prevents XXE)
  ```

---

### **Conclusion**
libxml2 is a **powerful, efficient, and versatile** library for XML/HTML processing, used in many major projects (like Linux tools, GNOME, and web browsers). It supports multiple input formats and provides robust parsing, validation, and transformation features. However, proper security hardening is essential when using it in applications.  

Would you like details on Python bindings (`lxml`) or specific use cases?


Triggering Condition Analysis:
Based on the vulnerability details and source code analysis, here are the step-by-step triggering conditions:

1. **Conditional Statements Identification**:
   - The vulnerability occurs when processing an external parameter entity reference without proper safeguards
   - Key conditions are derived from the patch's security check that was missing in vulnerable versions

2. **Execution Order**:
   - All conditions must be satisfied simultaneously at the crash point (parser.c:7959)

3. **Atomic Conditions**:
   - Decomposing the patch condition into atomic components (all must be true)

4. **Triggering Conditions**:
   ```
   <entity->etype == XML_EXTERNAL_PARAMETER_ENTITY, parser.c:7959, 0, 0>
   <(ctxt->options & XML_PARSE_NOENT) == 0, parser.c:7959, 0, 0>
   <(ctxt->options & XML_PARSE_DTDVALID) == 0, parser.c:7959, 0, 0>
   <(ctxt->options & XML_PARSE_DTDLOAD) == 0, parser.c:7959, 0, 0>
   <(ctxt->options & XML_PARSE_DTDATTR) == 0, parser.c:7959, 0, 0>
   <ctxt->replaceEntities == 0, parser.c:7959, 0, 0>
   <ctxt->validate == 0, parser.c:7959, 0, 0>
   ```

**Explanation**:
- All conditions share the same location (parser.c:7959) as they represent the parser state at the crash point
- Sequence (seq=0) indicates they must hold simultaneously during the vulnerable operation
- Conjunct identifier (conj=0) indicates all conditions are ANDed together
- The conditions represent the default parser state where:
  - External parameter entities are being processed
  - No entity substitution is requested
  - DTD validation is disabled
  - External DTD loading is disabled
  - Default DTD attributes are disabled
  - Entity replacement is off
  - Validation is disabled

This configuration allows external entity inclusion (XXE) vulnerabilities when parsing malicious XML documents containing external parameter entity references.