About the Program:
**Poppler** is a free and open-source software library primarily used for rendering **PDF (Portable Document Format)** documents. It provides functionality for viewing, parsing, and manipulating PDF files programmatically.

### **Purpose of Poppler:**
1. **PDF Rendering**: Converts PDF content into raster images (e.g., PNG, JPEG) or vector outputs (e.g., SVG).
2. **Text Extraction**: Extracts text and metadata from PDFs.
3. **Interactive Features**: Supports forms, annotations, and hyperlinks in PDFs.
4. **PDF Manipulation**: Some tools built on Poppler allow splitting, merging, or modifying PDFs.
5. **Used by Many Applications**: Acts as a backend for PDF viewers like **Evince (GNOME), Okular (KDE), and others**.

### **Input Formats:**
- **Primary Input**: PDF files (`.pdf`).
- **Can also handle**: Some related formats like **XFA (XML Forms Architecture)** forms embedded in PDFs.

### **Key Tools in Poppler:**
- **pdftotext**: Extracts text from PDFs.
- **pdftoppm**: Converts PDF pages to images (PNG, JPEG, etc.).
- **pdfinfo**: Extracts metadata (author, creation date, etc.).
- **pdffonts**: Lists fonts used in a PDF.
- **pdfseparate / pdfunite**: Splits or merges PDFs.

### **Security Considerations:**
- Poppler has had **vulnerabilities** in the past (e.g., buffer overflows, parsing flaws), so keeping it updated is crucial.
- Many Linux distributions use Poppler for PDF handling, making it a common attack surface.

### **Developed As a Fork:**
- Poppler originated as a fork of **Xpdf** (another PDF rendering engine) to improve maintainability and features.

Would you like details on a specific aspect, like API usage or security history?


Triggering Condition Analysis:
Based on the provided information, I've analyzed the vulnerability triggering conditions step by step:

1. **Conditional Statement Identification**:
   - The vulnerability occurs at XRef.cc:1615 when accessing `entries[i]`
   - The key condition is: `i < 0` (negative index access)
   - Location: XRef.cc:1615 (during `entries[i].type` access)

2. **Execution Order**:
   - Only one condition group is needed (sequence 0)

3. **Conditional Decomposition**:
   - The condition `i < 0` is already atomic
   - Conjunct identifier: 0 (single primitive condition)

4. **Triggering Conditions**:
   `<i < 0, XRef.cc:1615, 0, 0>`

**Explanation**:
The vulnerability triggers when:
- `XRef::getEntry()` is called with a negative `i` value
- At line 1615, the condition `i >= size` evaluates to false (since negative numbers are always less than non-negative size)
- The subsequent access `entries[i].type` attempts to read before the allocated heap buffer
- This occurs because the negative index check was missing before the patch

The crash occurs specifically when:
1. `i` is negative (violation of expected input range)
2. The program attempts to access `entries[i]` at XRef.cc:1615
3. The memory access falls outside the allocated heap region

**Need the content of function(s)**: 
`Parser::getObj()`, `Hints::readTables()`, `PDFDoc::checkLinearization()` to trace how the negative `i` value originates.