About the Program:
**Poppler** is a free and open-source software library primarily used for rendering **PDF (Portable Document Format)** files. It provides functionality for viewing, parsing, and manipulating PDF documents programmatically.

### **Purpose of Poppler:**
- **Rendering PDFs:** Converts PDF content into a displayable format (e.g., for PDF viewers like Evince, Okular, or custom applications).
- **Text Extraction:** Allows extracting text and metadata from PDFs.
- **PDF Manipulation:** Supports operations like merging, splitting, and modifying PDFs (when used with additional tools like `pdftk` or `qpdf`).
- **Forms & Annotations:** Handles interactive PDF forms and annotations.
- **Integration:** Used as a backend by many Linux-based PDF viewers and tools.

### **Input Formats:**
- **Primary Input:** PDF files (`.pdf`).
- **Can also handle:** Some tools built on Poppler (like `pdftoppm`) can output PDFs as images (PNG, JPEG, TIFF, etc.).

### **Key Tools in Poppler:**
Poppler comes with several command-line utilities:
- **pdftotext** – Extracts text from PDFs.
- **pdftoppm** – Converts PDF pages to image files (PNG, JPEG, etc.).
- **pdfinfo** – Displays metadata (author, page count, encryption status, etc.).
- **pdffonts** – Lists fonts used in a PDF.
- **pdfseparate / pdfunite** – Splits or merges PDFs.

### **Used By:**
- **Linux PDF viewers:** Evince, Okular, GNOME Document Viewer.
- **Applications:** Some versions of `Cups` (for PDF printing), `Inkscape` (PDF import), and `LibreOffice` (PDF handling).

### **License:**
- Poppler is licensed under **GPL** (GNU General Public License).

Would you like details on a specific feature or use case?


Triggering Condition Analysis:
Based on the provided information, the triggering conditions for the null-pointer-dereference vulnerability are analyzed as follows:

### Step-by-Step Analysis:
1. **Crash Point**:  
   The crash occurs at `SplashOutputDev.cc:2454` during the access of `t3GlyphStack->haveDx`. This is a null-pointer dereference since `t3GlyphStack` is `nullptr`.

2. **Conditional Statements**:
   - **Primary Condition**:  
     At the crash location (`SplashOutputDev.cc:2454`), the vulnerable code checks:  
     `if (t3GlyphStack->haveDx)`  
     This requires `t3GlyphStack` to be `nullptr` to trigger the crash.

3. **Execution Order**:  
   Only one conditional group is needed (sequence `0`), as the crash occurs immediately when `t3GlyphStack` is dereferenced while null.

4. **Atomic Conditions**:  
   The condition is atomic: `t3GlyphStack == nullptr`. No decomposition is needed (conjunct ID `0`).

### Triggering Conditions:
The condition required to trigger the vulnerability is:

| Condition                   | Location                     | Sequence | Conjunct ID |
|-----------------------------|------------------------------|----------|-------------|
| `t3GlyphStack == nullptr`   | SplashOutputDev.cc:2454      | 0        | 0           |

### Summary:
The vulnerability triggers when the `t3GlyphStack` pointer is null at the point of dereference in `SplashOutputDev::type3D1`. This occurs before later null checks in the function (e.g., at line 2463), making the early dereference fatal. The patch resolves this by adding a null check before accessing `haveDx`.